\BOOKMARK [0][-]{chapter.1}{\376\377\000H\000a\000r\000d\000w\000a\000r\000e\000\040\000L\000o\000c\000a\000l\000i\000t\000y}{}
\BOOKMARK [1][-]{section.1.1}{\376\377\000I\000n\000t\000r\000o\000d\000u\000c\000t\000i\000o\000n}{chapter.1}
\BOOKMARK [1][-]{section.1.2}{\376\377\000I\000n\000s\000t\000a\000l\000l\000a\000t\000i\000o\000n}{chapter.1}
\BOOKMARK [1][-]{section.1.3}{\376\377\000C\000L\000I\000\040\000E\000x\000a\000m\000p\000l\000e\000s}{chapter.1}
\BOOKMARK [1][-]{section.1.4}{\376\377\000P\000r\000o\000g\000r\000a\000m\000m\000i\000n\000g\000\040\000I\000n\000t\000e\000r\000f\000a\000c\000e}{chapter.1}
\BOOKMARK [2][-]{subsection.1.4.1}{\376\377\000P\000o\000r\000t\000a\000b\000i\000l\000i\000t\000y}{section.1.4}
\BOOKMARK [2][-]{subsection.1.4.2}{\376\377\000A\000P\000I\000\040\000E\000x\000a\000m\000p\000l\000e}{section.1.4}
\BOOKMARK [1][-]{section.1.5}{\376\377\000Q\000u\000e\000s\000t\000i\000o\000n\000s\000\040\000a\000n\000d\000\040\000B\000u\000g\000s}{chapter.1}
\BOOKMARK [1][-]{section.1.6}{\376\377\000H\000i\000s\000t\000o\000r\000y\000\040\000/\000\040\000C\000r\000e\000d\000i\000t\000s}{chapter.1}
\BOOKMARK [1][-]{section.1.7}{\376\377\000F\000u\000r\000t\000h\000e\000r\000\040\000R\000e\000a\000d\000i\000n\000g}{chapter.1}
\BOOKMARK [0][-]{chapter.2}{\376\377\000T\000e\000r\000m\000s\000\040\000a\000n\000d\000\040\000D\000e\000f\000i\000n\000i\000t\000i\000o\000n\000s}{}
\BOOKMARK [0][-]{chapter.3}{\376\377\000C\000o\000m\000m\000a\000n\000d\000-\000L\000i\000n\000e\000\040\000T\000o\000o\000l\000s}{}
\BOOKMARK [1][-]{section.3.1}{\376\377\000l\000s\000t\000o\000p\000o\000\040\000a\000n\000d\000\040\000l\000s\000t\000o\000p\000o\000-\000g\000u\000i}{chapter.3}
\BOOKMARK [1][-]{section.3.2}{\376\377\000h\000w\000l\000o\000c\000-\000b\000i\000n\000d}{chapter.3}
\BOOKMARK [1][-]{section.3.3}{\376\377\000h\000w\000l\000o\000c\000-\000c\000a\000l\000c}{chapter.3}
\BOOKMARK [1][-]{section.3.4}{\376\377\000h\000w\000l\000o\000c\000-\000d\000i\000s\000t\000r\000i\000b}{chapter.3}
\BOOKMARK [1][-]{section.3.5}{\376\377\000h\000w\000l\000o\000c\000-\000p\000s}{chapter.3}
\BOOKMARK [1][-]{section.3.6}{\376\377\000h\000w\000l\000o\000c\000-\000g\000a\000t\000h\000e\000r\000-\000t\000o\000p\000o\000l\000o\000g\000y}{chapter.3}
\BOOKMARK [1][-]{section.3.7}{\376\377\000h\000w\000l\000o\000c\000-\000d\000i\000s\000t\000a\000n\000c\000e\000s}{chapter.3}
\BOOKMARK [1][-]{section.3.8}{\376\377\000h\000w\000l\000o\000c\000-\000a\000s\000s\000e\000m\000b\000l\000e\000r}{chapter.3}
\BOOKMARK [1][-]{section.3.9}{\376\377\000h\000w\000l\000o\000c\000-\000a\000s\000s\000e\000m\000b\000l\000e\000r\000-\000r\000e\000m\000o\000t\000e}{chapter.3}
\BOOKMARK [0][-]{chapter.4}{\376\377\000E\000n\000v\000i\000r\000o\000n\000m\000e\000n\000t\000\040\000V\000a\000r\000i\000a\000b\000l\000e\000s}{}
\BOOKMARK [0][-]{chapter.5}{\376\377\000C\000P\000U\000\040\000a\000n\000d\000\040\000M\000e\000m\000o\000r\000y\000\040\000B\000i\000n\000d\000i\000n\000g\000\040\000O\000v\000e\000r\000v\000i\000e\000w}{}
\BOOKMARK [0][-]{chapter.6}{\376\377\000I\000/\000O\000\040\000D\000e\000v\000i\000c\000e\000s}{}
\BOOKMARK [1][-]{section.6.1}{\376\377\000E\000n\000a\000b\000l\000i\000n\000g\000\040\000a\000n\000d\000\040\000r\000e\000q\000u\000i\000r\000e\000m\000e\000n\000t\000s}{chapter.6}
\BOOKMARK [1][-]{section.6.2}{\376\377\000I\000/\000O\000\040\000o\000b\000j\000e\000c\000t\000\040\000h\000i\000e\000r\000a\000r\000c\000h\000y}{chapter.6}
\BOOKMARK [1][-]{section.6.3}{\376\377\000S\000o\000f\000t\000w\000a\000r\000e\000\040\000d\000e\000v\000i\000c\000e\000s}{chapter.6}
\BOOKMARK [1][-]{section.6.4}{\376\377\000C\000o\000n\000s\000u\000l\000t\000i\000n\000g\000\040\000I\000/\000O\000\040\000d\000e\000v\000i\000c\000e\000s\000\040\000a\000n\000d\000\040\000b\000i\000n\000d\000i\000n\000g}{chapter.6}
\BOOKMARK [1][-]{section.6.5}{\376\377\000E\000x\000a\000m\000p\000l\000e\000s}{chapter.6}
\BOOKMARK [0][-]{chapter.7}{\376\377\000M\000u\000l\000t\000i\000-\000n\000o\000d\000e\000\040\000T\000o\000p\000o\000l\000o\000g\000i\000e\000s}{}
\BOOKMARK [1][-]{section.7.1}{\376\377\000M\000u\000l\000t\000i\000-\000n\000o\000d\000e\000\040\000O\000b\000j\000e\000c\000t\000s\000\040\000S\000p\000e\000c\000i\000f\000i\000t\000i\000e\000s}{chapter.7}
\BOOKMARK [1][-]{section.7.2}{\376\377\000A\000s\000s\000e\000m\000b\000l\000i\000n\000g\000\040\000t\000o\000p\000o\000l\000o\000g\000i\000e\000s\000\040\000w\000i\000t\000h\000\040\000c\000o\000m\000m\000a\000n\000d\000-\000l\000i\000n\000e\000\040\000t\000o\000o\000l\000s}{chapter.7}
\BOOKMARK [1][-]{section.7.3}{\376\377\000A\000s\000s\000e\000m\000b\000l\000i\000n\000g\000\040\000t\000o\000p\000o\000l\000o\000g\000i\000e\000s\000\040\000w\000i\000t\000h\000\040\000t\000h\000e\000\040\000p\000r\000o\000g\000r\000a\000m\000m\000i\000n\000g\000\040\000i\000n\000t\000e\000r\000f\000a\000c\000e}{chapter.7}
\BOOKMARK [1][-]{section.7.4}{\376\377\000E\000x\000a\000m\000p\000l\000e\000\040\000o\000f\000\040\000a\000s\000s\000e\000m\000b\000l\000y\000\040\000w\000i\000t\000h\000\040\000t\000h\000e\000\040\000p\000r\000o\000g\000r\000a\000m\000m\000i\000n\000g\000\040\000i\000n\000t\000e\000r\000f\000a\000c\000e}{chapter.7}
\BOOKMARK [0][-]{chapter.8}{\376\377\000I\000m\000p\000o\000r\000t\000i\000n\000g\000\040\000a\000n\000d\000\040\000e\000x\000p\000o\000r\000t\000i\000n\000g\000\040\000t\000o\000p\000o\000l\000o\000g\000i\000e\000s\000\040\000f\000r\000o\000m\000/\000t\000o\000\040\000X\000M\000L\000\040\000f\000i\000l\000e\000s}{}
\BOOKMARK [1][-]{section.8.1}{\376\377\000l\000i\000b\000x\000m\000l\0002\000\040\000a\000n\000d\000\040\000m\000i\000n\000i\000m\000a\000l\000i\000s\000t\000i\000c\000\040\000X\000M\000L\000\040\000b\000a\000c\000k\000e\000n\000d\000s}{chapter.8}
\BOOKMARK [1][-]{section.8.2}{\376\377\000X\000M\000L\000\040\000i\000m\000p\000o\000r\000t\000\040\000e\000r\000r\000o\000r\000\040\000m\000a\000n\000a\000g\000e\000m\000e\000n\000t}{chapter.8}
\BOOKMARK [0][-]{chapter.9}{\376\377\000I\000n\000t\000e\000r\000o\000p\000e\000r\000a\000b\000i\000l\000i\000t\000y\000\040\000W\000i\000t\000h\000\040\000O\000t\000h\000e\000r\000\040\000S\000o\000f\000t\000w\000a\000r\000e}{}
\BOOKMARK [0][-]{chapter.10}{\376\377\000T\000h\000r\000e\000a\000d\000\040\000S\000a\000f\000e\000t\000y}{}
\BOOKMARK [0][-]{chapter.11}{\376\377\000E\000m\000b\000e\000d\000d\000i\000n\000g\000\040\000h\000w\000l\000o\000c\000\040\000i\000n\000\040\000O\000t\000h\000e\000r\000\040\000S\000o\000f\000t\000w\000a\000r\000e}{}
\BOOKMARK [1][-]{section.11.1}{\376\377\000U\000s\000i\000n\000g\000\040\000h\000w\000l\000o\000c\000'\000s\000\040\000M\0004\000\040\000E\000m\000b\000e\000d\000d\000i\000n\000g\000\040\000C\000a\000p\000a\000b\000i\000l\000i\000t\000i\000e\000s}{chapter.11}
\BOOKMARK [1][-]{section.11.2}{\376\377\000E\000x\000a\000m\000p\000l\000e\000\040\000E\000m\000b\000e\000d\000d\000i\000n\000g\000\040\000h\000w\000l\000o\000c}{chapter.11}
\BOOKMARK [0][-]{chapter.12}{\376\377\000F\000r\000e\000q\000u\000e\000n\000t\000l\000y\000\040\000A\000s\000k\000e\000d\000\040\000Q\000u\000e\000s\000t\000i\000o\000n\000s}{}
\BOOKMARK [1][-]{section.12.1}{\376\377\000I\000\040\000d\000o\000\040\000n\000o\000t\000\040\000w\000a\000n\000t\000\040\000h\000w\000l\000o\000c\000\040\000t\000o\000\040\000r\000e\000d\000i\000s\000c\000o\000v\000e\000r\000\040\000m\000y\000\040\000e\000n\000o\000r\000m\000o\000u\000s\000\040\000m\000a\000c\000h\000i\000n\000e\000\040\000t\000o\000p\000o\000l\000o\000g\000y\000\040\000e\000v\000e\000r\000y\000\040\000t\000i\000m\000e\000\040\000I\000\040\000r\000e\000r\000u\000n\000\040\000a\000\040\000p\000r\000o\000c\000e\000s\000s}{chapter.12}
\BOOKMARK [1][-]{section.12.2}{\376\377\000D\000o\000e\000s\000\040\000h\000w\000l\000o\000c\000\040\000r\000e\000q\000u\000i\000r\000e\000\040\000p\000r\000i\000v\000i\000l\000e\000g\000e\000d\000\040\000a\000c\000c\000e\000s\000s\000?}{chapter.12}
\BOOKMARK [1][-]{section.12.3}{\376\377\000h\000w\000l\000o\000c\000\040\000o\000n\000l\000y\000\040\000h\000a\000s\000\040\000a\000\040\000o\000n\000e\000-\000d\000i\000m\000e\000n\000s\000i\000o\000n\000a\000l\000\040\000v\000i\000e\000w\000\040\000o\000f\000\040\000t\000h\000e\000\040\000a\000r\000c\000h\000i\000t\000e\000c\000t\000u\000r\000e\000,\000\040\000i\000t\000\040\000i\000g\000n\000o\000r\000e\000s\000\040\000d\000i\000s\000t\000a\000n\000c\000e\000s}{chapter.12}
\BOOKMARK [1][-]{section.12.4}{\376\377\000H\000o\000w\000\040\000m\000a\000y\000\040\000I\000\040\000i\000g\000n\000o\000r\000e\000\040\000s\000y\000m\000m\000e\000t\000r\000i\000c\000\040\000m\000u\000l\000t\000i\000t\000h\000r\000e\000a\000d\000i\000n\000g\000,\000\040\000h\000y\000p\000e\000r\000-\000t\000h\000r\000e\000a\000d\000i\000n\000g\000,\000\040\000.\000.\000.\000\040\000?}{chapter.12}
\BOOKMARK [1][-]{section.12.5}{\376\377\000W\000h\000a\000t\000\040\000h\000a\000p\000p\000e\000n\000s\000\040\000i\000f\000\040\000m\000y\000\040\000t\000o\000p\000o\000l\000o\000g\000y\000\040\000i\000s\000\040\000a\000s\000y\000m\000m\000e\000t\000r\000i\000c\000?}{chapter.12}
\BOOKMARK [1][-]{section.12.6}{\376\377\000H\000o\000w\000\040\000d\000o\000\040\000I\000\040\000a\000n\000n\000o\000t\000a\000t\000e\000\040\000t\000h\000e\000\040\000t\000o\000p\000o\000l\000o\000g\000y\000\040\000w\000i\000t\000h\000\040\000p\000r\000i\000v\000a\000t\000e\000\040\000n\000o\000t\000e\000s\000?}{chapter.12}
\BOOKMARK [1][-]{section.12.7}{\376\377\000W\000h\000y\000\040\000d\000o\000e\000s\000\040\000V\000a\000l\000g\000r\000i\000n\000d\000\040\000c\000o\000m\000p\000l\000a\000i\000n\000\040\000a\000b\000o\000u\000t\000\040\000h\000w\000l\000o\000c\000\040\000m\000e\000m\000o\000r\000y\000\040\000l\000e\000a\000k\000s\000?}{chapter.12}
\BOOKMARK [1][-]{section.12.8}{\376\377\000H\000o\000w\000\040\000d\000o\000\040\000I\000\040\000h\000a\000n\000d\000l\000e\000\040\000A\000P\000I\000\040\000u\000p\000g\000r\000a\000d\000e\000s\000?}{chapter.12}
\BOOKMARK [0][-]{chapter.13}{\376\377\000M\000o\000d\000u\000l\000e\000\040\000I\000n\000d\000e\000x}{}
\BOOKMARK [1][-]{section.13.1}{\376\377\000M\000o\000d\000u\000l\000e\000s}{chapter.13}
\BOOKMARK [0][-]{chapter.14}{\376\377\000D\000a\000t\000a\000\040\000S\000t\000r\000u\000c\000t\000u\000r\000e\000\040\000I\000n\000d\000e\000x}{}
\BOOKMARK [1][-]{section.14.1}{\376\377\000D\000a\000t\000a\000\040\000S\000t\000r\000u\000c\000t\000u\000r\000e\000s}{chapter.14}
\BOOKMARK [0][-]{chapter.15}{\376\377\000M\000o\000d\000u\000l\000e\000\040\000D\000o\000c\000u\000m\000e\000n\000t\000a\000t\000i\000o\000n}{}
\BOOKMARK [1][-]{section.15.1}{\376\377\000A\000P\000I\000\040\000v\000e\000r\000s\000i\000o\000n}{chapter.15}
\BOOKMARK [2][-]{subsection.15.1.1}{\376\377\000D\000e\000f\000i\000n\000e\000\040\000D\000o\000c\000u\000m\000e\000n\000t\000a\000t\000i\000o\000n}{section.15.1}
\BOOKMARK [3][-]{subsubsection.15.1.1.1}{\376\377\000H\000W\000L\000O\000C\000\137\000A\000P\000I\000\137\000V\000E\000R\000S\000I\000O\000N}{subsection.15.1.1}
\BOOKMARK [2][-]{subsection.15.1.2}{\376\377\000F\000u\000n\000c\000t\000i\000o\000n\000\040\000D\000o\000c\000u\000m\000e\000n\000t\000a\000t\000i\000o\000n}{section.15.1}
\BOOKMARK [3][-]{subsubsection.15.1.2.1}{\376\377\000h\000w\000l\000o\000c\000\137\000g\000e\000t\000\137\000a\000p\000i\000\137\000v\000e\000r\000s\000i\000o\000n}{subsection.15.1.2}
\BOOKMARK [1][-]{section.15.2}{\376\377\000T\000o\000p\000o\000l\000o\000g\000y\000\040\000c\000o\000n\000t\000e\000x\000t}{chapter.15}
\BOOKMARK [2][-]{subsection.15.2.1}{\376\377\000T\000y\000p\000e\000d\000e\000f\000\040\000D\000o\000c\000u\000m\000e\000n\000t\000a\000t\000i\000o\000n}{section.15.2}
\BOOKMARK [3][-]{subsubsection.15.2.1.1}{\376\377\000h\000w\000l\000o\000c\000\137\000t\000o\000p\000o\000l\000o\000g\000y\000\137\000t}{subsection.15.2.1}
\BOOKMARK [1][-]{section.15.3}{\376\377\000O\000b\000j\000e\000c\000t\000\040\000s\000e\000t\000s\000\040\000\050\000h\000w\000l\000o\000c\000\137\000c\000p\000u\000s\000e\000t\000\137\000t\000\040\000a\000n\000d\000\040\000h\000w\000l\000o\000c\000\137\000n\000o\000d\000e\000s\000e\000t\000\137\000t\000\051}{chapter.15}
\BOOKMARK [2][-]{subsection.15.3.1}{\376\377\000D\000e\000t\000a\000i\000l\000e\000d\000\040\000D\000e\000s\000c\000r\000i\000p\000t\000i\000o\000n}{section.15.3}
\BOOKMARK [2][-]{subsection.15.3.2}{\376\377\000T\000y\000p\000e\000d\000e\000f\000\040\000D\000o\000c\000u\000m\000e\000n\000t\000a\000t\000i\000o\000n}{section.15.3}
\BOOKMARK [3][-]{subsubsection.15.3.2.1}{\376\377\000h\000w\000l\000o\000c\000\137\000c\000o\000n\000s\000t\000\137\000c\000p\000u\000s\000e\000t\000\137\000t}{subsection.15.3.2}
\BOOKMARK [3][-]{subsubsection.15.3.2.2}{\376\377\000h\000w\000l\000o\000c\000\137\000c\000o\000n\000s\000t\000\137\000n\000o\000d\000e\000s\000e\000t\000\137\000t}{subsection.15.3.2}
\BOOKMARK [3][-]{subsubsection.15.3.2.3}{\376\377\000h\000w\000l\000o\000c\000\137\000c\000p\000u\000s\000e\000t\000\137\000t}{subsection.15.3.2}
\BOOKMARK [3][-]{subsubsection.15.3.2.4}{\376\377\000h\000w\000l\000o\000c\000\137\000n\000o\000d\000e\000s\000e\000t\000\137\000t}{subsection.15.3.2}
\BOOKMARK [1][-]{section.15.4}{\376\377\000T\000o\000p\000o\000l\000o\000g\000y\000\040\000O\000b\000j\000e\000c\000t\000\040\000T\000y\000p\000e\000s}{chapter.15}
\BOOKMARK [2][-]{subsection.15.4.1}{\376\377\000T\000y\000p\000e\000d\000e\000f\000\040\000D\000o\000c\000u\000m\000e\000n\000t\000a\000t\000i\000o\000n}{section.15.4}
\BOOKMARK [3][-]{subsubsection.15.4.1.1}{\376\377\000h\000w\000l\000o\000c\000\137\000o\000b\000j\000\137\000b\000r\000i\000d\000g\000e\000\137\000t\000y\000p\000e\000\137\000t}{subsection.15.4.1}
\BOOKMARK [3][-]{subsubsection.15.4.1.2}{\376\377\000h\000w\000l\000o\000c\000\137\000o\000b\000j\000\137\000c\000a\000c\000h\000e\000\137\000t\000y\000p\000e\000\137\000t}{subsection.15.4.1}
\BOOKMARK [3][-]{subsubsection.15.4.1.3}{\376\377\000h\000w\000l\000o\000c\000\137\000o\000b\000j\000\137\000o\000s\000d\000e\000v\000\137\000t\000y\000p\000e\000\137\000t}{subsection.15.4.1}
\BOOKMARK [2][-]{subsection.15.4.2}{\376\377\000E\000n\000u\000m\000e\000r\000a\000t\000i\000o\000n\000\040\000T\000y\000p\000e\000\040\000D\000o\000c\000u\000m\000e\000n\000t\000a\000t\000i\000o\000n}{section.15.4}
\BOOKMARK [3][-]{subsubsection.15.4.2.1}{\376\377\000h\000w\000l\000o\000c\000\137\000c\000o\000m\000p\000a\000r\000e\000\137\000t\000y\000p\000e\000s\000\137\000e}{subsection.15.4.2}
\BOOKMARK [3][-]{subsubsection.15.4.2.2}{\376\377\000h\000w\000l\000o\000c\000\137\000o\000b\000j\000\137\000b\000r\000i\000d\000g\000e\000\137\000t\000y\000p\000e\000\137\000e}{subsection.15.4.2}
\BOOKMARK [3][-]{subsubsection.15.4.2.3}{\376\377\000h\000w\000l\000o\000c\000\137\000o\000b\000j\000\137\000c\000a\000c\000h\000e\000\137\000t\000y\000p\000e\000\137\000e}{subsection.15.4.2}
\BOOKMARK [3][-]{subsubsection.15.4.2.4}{\376\377\000h\000w\000l\000o\000c\000\137\000o\000b\000j\000\137\000o\000s\000d\000e\000v\000\137\000t\000y\000p\000e\000\137\000e}{subsection.15.4.2}
\BOOKMARK [3][-]{subsubsection.15.4.2.5}{\376\377\000h\000w\000l\000o\000c\000\137\000o\000b\000j\000\137\000t\000y\000p\000e\000\137\000t}{subsection.15.4.2}
\BOOKMARK [2][-]{subsection.15.4.3}{\376\377\000F\000u\000n\000c\000t\000i\000o\000n\000\040\000D\000o\000c\000u\000m\000e\000n\000t\000a\000t\000i\000o\000n}{section.15.4}
\BOOKMARK [3][-]{subsubsection.15.4.3.1}{\376\377\000h\000w\000l\000o\000c\000\137\000c\000o\000m\000p\000a\000r\000e\000\137\000t\000y\000p\000e\000s}{subsection.15.4.3}
\BOOKMARK [1][-]{section.15.5}{\376\377\000T\000o\000p\000o\000l\000o\000g\000y\000\040\000O\000b\000j\000e\000c\000t\000s}{chapter.15}
\BOOKMARK [2][-]{subsection.15.5.1}{\376\377\000T\000y\000p\000e\000d\000e\000f\000\040\000D\000o\000c\000u\000m\000e\000n\000t\000a\000t\000i\000o\000n}{section.15.5}
\BOOKMARK [3][-]{subsubsection.15.5.1.1}{\376\377\000h\000w\000l\000o\000c\000\137\000o\000b\000j\000\137\000t}{subsection.15.5.1}
\BOOKMARK [1][-]{section.15.6}{\376\377\000C\000r\000e\000a\000t\000e\000\040\000a\000n\000d\000\040\000D\000e\000s\000t\000r\000o\000y\000\040\000T\000o\000p\000o\000l\000o\000g\000i\000e\000s}{chapter.15}
\BOOKMARK [2][-]{subsection.15.6.1}{\376\377\000F\000u\000n\000c\000t\000i\000o\000n\000\040\000D\000o\000c\000u\000m\000e\000n\000t\000a\000t\000i\000o\000n}{section.15.6}
\BOOKMARK [3][-]{subsubsection.15.6.1.1}{\376\377\000h\000w\000l\000o\000c\000\137\000t\000o\000p\000o\000l\000o\000g\000y\000\137\000c\000h\000e\000c\000k}{subsection.15.6.1}
\BOOKMARK [3][-]{subsubsection.15.6.1.2}{\376\377\000h\000w\000l\000o\000c\000\137\000t\000o\000p\000o\000l\000o\000g\000y\000\137\000d\000e\000s\000t\000r\000o\000y}{subsection.15.6.1}
\BOOKMARK [3][-]{subsubsection.15.6.1.3}{\376\377\000h\000w\000l\000o\000c\000\137\000t\000o\000p\000o\000l\000o\000g\000y\000\137\000i\000n\000i\000t}{subsection.15.6.1}
\BOOKMARK [3][-]{subsubsection.15.6.1.4}{\376\377\000h\000w\000l\000o\000c\000\137\000t\000o\000p\000o\000l\000o\000g\000y\000\137\000l\000o\000a\000d}{subsection.15.6.1}
\BOOKMARK [1][-]{section.15.7}{\376\377\000C\000o\000n\000f\000i\000g\000u\000r\000e\000\040\000T\000o\000p\000o\000l\000o\000g\000y\000\040\000D\000e\000t\000e\000c\000t\000i\000o\000n}{chapter.15}
\BOOKMARK [2][-]{subsection.15.7.1}{\376\377\000D\000e\000t\000a\000i\000l\000e\000d\000\040\000D\000e\000s\000c\000r\000i\000p\000t\000i\000o\000n}{section.15.7}
\BOOKMARK [2][-]{subsection.15.7.2}{\376\377\000E\000n\000u\000m\000e\000r\000a\000t\000i\000o\000n\000\040\000T\000y\000p\000e\000\040\000D\000o\000c\000u\000m\000e\000n\000t\000a\000t\000i\000o\000n}{section.15.7}
\BOOKMARK [3][-]{subsubsection.15.7.2.1}{\376\377\000h\000w\000l\000o\000c\000\137\000t\000o\000p\000o\000l\000o\000g\000y\000\137\000f\000l\000a\000g\000s\000\137\000e}{subsection.15.7.2}
\BOOKMARK [2][-]{subsection.15.7.3}{\376\377\000F\000u\000n\000c\000t\000i\000o\000n\000\040\000D\000o\000c\000u\000m\000e\000n\000t\000a\000t\000i\000o\000n}{section.15.7}
\BOOKMARK [3][-]{subsubsection.15.7.3.1}{\376\377\000h\000w\000l\000o\000c\000\137\000t\000o\000p\000o\000l\000o\000g\000y\000\137\000g\000e\000t\000\137\000s\000u\000p\000p\000o\000r\000t}{subsection.15.7.3}
\BOOKMARK [3][-]{subsubsection.15.7.3.2}{\376\377\000h\000w\000l\000o\000c\000\137\000t\000o\000p\000o\000l\000o\000g\000y\000\137\000i\000g\000n\000o\000r\000e\000\137\000a\000l\000l\000\137\000k\000e\000e\000p\000\137\000s\000t\000r\000u\000c\000t\000u\000r\000e}{subsection.15.7.3}
\BOOKMARK [3][-]{subsubsection.15.7.3.3}{\376\377\000h\000w\000l\000o\000c\000\137\000t\000o\000p\000o\000l\000o\000g\000y\000\137\000i\000g\000n\000o\000r\000e\000\137\000t\000y\000p\000e}{subsection.15.7.3}
\BOOKMARK [3][-]{subsubsection.15.7.3.4}{\376\377\000h\000w\000l\000o\000c\000\137\000t\000o\000p\000o\000l\000o\000g\000y\000\137\000i\000g\000n\000o\000r\000e\000\137\000t\000y\000p\000e\000\137\000k\000e\000e\000p\000\137\000s\000t\000r\000u\000c\000t\000u\000r\000e}{subsection.15.7.3}
\BOOKMARK [3][-]{subsubsection.15.7.3.5}{\376\377\000h\000w\000l\000o\000c\000\137\000t\000o\000p\000o\000l\000o\000g\000y\000\137\000s\000e\000t\000\137\000c\000u\000s\000t\000o\000m}{subsection.15.7.3}
\BOOKMARK [3][-]{subsubsection.15.7.3.6}{\376\377\000h\000w\000l\000o\000c\000\137\000t\000o\000p\000o\000l\000o\000g\000y\000\137\000s\000e\000t\000\137\000d\000i\000s\000t\000a\000n\000c\000e\000\137\000m\000a\000t\000r\000i\000x}{subsection.15.7.3}
\BOOKMARK [3][-]{subsubsection.15.7.3.7}{\376\377\000h\000w\000l\000o\000c\000\137\000t\000o\000p\000o\000l\000o\000g\000y\000\137\000s\000e\000t\000\137\000f\000l\000a\000g\000s}{subsection.15.7.3}
\BOOKMARK [3][-]{subsubsection.15.7.3.8}{\376\377\000h\000w\000l\000o\000c\000\137\000t\000o\000p\000o\000l\000o\000g\000y\000\137\000s\000e\000t\000\137\000f\000s\000r\000o\000o\000t}{subsection.15.7.3}
\BOOKMARK [3][-]{subsubsection.15.7.3.9}{\376\377\000h\000w\000l\000o\000c\000\137\000t\000o\000p\000o\000l\000o\000g\000y\000\137\000s\000e\000t\000\137\000p\000i\000d}{subsection.15.7.3}
\BOOKMARK [3][-]{subsubsection.15.7.3.10}{\376\377\000h\000w\000l\000o\000c\000\137\000t\000o\000p\000o\000l\000o\000g\000y\000\137\000s\000e\000t\000\137\000s\000y\000n\000t\000h\000e\000t\000i\000c}{subsection.15.7.3}
\BOOKMARK [3][-]{subsubsection.15.7.3.11}{\376\377\000h\000w\000l\000o\000c\000\137\000t\000o\000p\000o\000l\000o\000g\000y\000\137\000s\000e\000t\000\137\000x\000m\000l}{subsection.15.7.3}
\BOOKMARK [3][-]{subsubsection.15.7.3.12}{\376\377\000h\000w\000l\000o\000c\000\137\000t\000o\000p\000o\000l\000o\000g\000y\000\137\000s\000e\000t\000\137\000x\000m\000l\000b\000u\000f\000f\000e\000r}{subsection.15.7.3}
\BOOKMARK [1][-]{section.15.8}{\376\377\000T\000i\000n\000k\000e\000r\000\040\000W\000i\000t\000h\000\040\000T\000o\000p\000o\000l\000o\000g\000i\000e\000s\000.}{chapter.15}
\BOOKMARK [2][-]{subsection.15.8.1}{\376\377\000E\000n\000u\000m\000e\000r\000a\000t\000i\000o\000n\000\040\000T\000y\000p\000e\000\040\000D\000o\000c\000u\000m\000e\000n\000t\000a\000t\000i\000o\000n}{section.15.8}
\BOOKMARK [3][-]{subsubsection.15.8.1.1}{\376\377\000h\000w\000l\000o\000c\000\137\000r\000e\000s\000t\000r\000i\000c\000t\000\137\000f\000l\000a\000g\000s\000\137\000e}{subsection.15.8.1}
\BOOKMARK [2][-]{subsection.15.8.2}{\376\377\000F\000u\000n\000c\000t\000i\000o\000n\000\040\000D\000o\000c\000u\000m\000e\000n\000t\000a\000t\000i\000o\000n}{section.15.8}
\BOOKMARK [3][-]{subsubsection.15.8.2.1}{\376\377\000h\000w\000l\000o\000c\000\137\000f\000r\000e\000e\000\137\000x\000m\000l\000b\000u\000f\000f\000e\000r}{subsection.15.8.2}
\BOOKMARK [3][-]{subsubsection.15.8.2.2}{\376\377\000h\000w\000l\000o\000c\000\137\000t\000o\000p\000o\000l\000o\000g\000y\000\137\000e\000x\000p\000o\000r\000t\000\137\000x\000m\000l}{subsection.15.8.2}
\BOOKMARK [3][-]{subsubsection.15.8.2.3}{\376\377\000h\000w\000l\000o\000c\000\137\000t\000o\000p\000o\000l\000o\000g\000y\000\137\000e\000x\000p\000o\000r\000t\000\137\000x\000m\000l\000b\000u\000f\000f\000e\000r}{subsection.15.8.2}
\BOOKMARK [3][-]{subsubsection.15.8.2.4}{\376\377\000h\000w\000l\000o\000c\000\137\000t\000o\000p\000o\000l\000o\000g\000y\000\137\000i\000n\000s\000e\000r\000t\000\137\000m\000i\000s\000c\000\137\000o\000b\000j\000e\000c\000t\000\137\000b\000y\000\137\000c\000p\000u\000s\000e\000t}{subsection.15.8.2}
\BOOKMARK [3][-]{subsubsection.15.8.2.5}{\376\377\000h\000w\000l\000o\000c\000\137\000t\000o\000p\000o\000l\000o\000g\000y\000\137\000i\000n\000s\000e\000r\000t\000\137\000m\000i\000s\000c\000\137\000o\000b\000j\000e\000c\000t\000\137\000b\000y\000\137\000p\000a\000r\000e\000n\000t}{subsection.15.8.2}
\BOOKMARK [3][-]{subsubsection.15.8.2.6}{\376\377\000h\000w\000l\000o\000c\000\137\000t\000o\000p\000o\000l\000o\000g\000y\000\137\000r\000e\000s\000t\000r\000i\000c\000t}{subsection.15.8.2}
\BOOKMARK [1][-]{section.15.9}{\376\377\000G\000e\000t\000\040\000S\000o\000m\000e\000\040\000T\000o\000p\000o\000l\000o\000g\000y\000\040\000I\000n\000f\000o\000r\000m\000a\000t\000i\000o\000n}{chapter.15}
\BOOKMARK [2][-]{subsection.15.9.1}{\376\377\000D\000e\000t\000a\000i\000l\000e\000d\000\040\000D\000e\000s\000c\000r\000i\000p\000t\000i\000o\000n}{section.15.9}
\BOOKMARK [2][-]{subsection.15.9.2}{\376\377\000E\000n\000u\000m\000e\000r\000a\000t\000i\000o\000n\000\040\000T\000y\000p\000e\000\040\000D\000o\000c\000u\000m\000e\000n\000t\000a\000t\000i\000o\000n}{section.15.9}
\BOOKMARK [3][-]{subsubsection.15.9.2.1}{\376\377\000h\000w\000l\000o\000c\000\137\000g\000e\000t\000\137\000t\000y\000p\000e\000\137\000d\000e\000p\000t\000h\000\137\000e}{subsection.15.9.2}
\BOOKMARK [2][-]{subsection.15.9.3}{\376\377\000F\000u\000n\000c\000t\000i\000o\000n\000\040\000D\000o\000c\000u\000m\000e\000n\000t\000a\000t\000i\000o\000n}{section.15.9}
\BOOKMARK [3][-]{subsubsection.15.9.3.1}{\376\377\000h\000w\000l\000o\000c\000\137\000g\000e\000t\000\137\000d\000e\000p\000t\000h\000\137\000t\000y\000p\000e}{subsection.15.9.3}
\BOOKMARK [3][-]{subsubsection.15.9.3.2}{\376\377\000h\000w\000l\000o\000c\000\137\000g\000e\000t\000\137\000n\000b\000o\000b\000j\000s\000\137\000b\000y\000\137\000d\000e\000p\000t\000h}{subsection.15.9.3}
\BOOKMARK [3][-]{subsubsection.15.9.3.3}{\376\377\000h\000w\000l\000o\000c\000\137\000g\000e\000t\000\137\000n\000b\000o\000b\000j\000s\000\137\000b\000y\000\137\000t\000y\000p\000e}{subsection.15.9.3}
\BOOKMARK [3][-]{subsubsection.15.9.3.4}{\376\377\000h\000w\000l\000o\000c\000\137\000g\000e\000t\000\137\000t\000y\000p\000e\000\137\000d\000e\000p\000t\000h}{subsection.15.9.3}
\BOOKMARK [3][-]{subsubsection.15.9.3.5}{\376\377\000h\000w\000l\000o\000c\000\137\000t\000o\000p\000o\000l\000o\000g\000y\000\137\000g\000e\000t\000\137\000d\000e\000p\000t\000h}{subsection.15.9.3}
\BOOKMARK [3][-]{subsubsection.15.9.3.6}{\376\377\000h\000w\000l\000o\000c\000\137\000t\000o\000p\000o\000l\000o\000g\000y\000\137\000i\000s\000\137\000t\000h\000i\000s\000s\000y\000s\000t\000e\000m}{subsection.15.9.3}
\BOOKMARK [1][-]{section.15.10}{\376\377\000R\000e\000t\000r\000i\000e\000v\000e\000\040\000O\000b\000j\000e\000c\000t\000s}{chapter.15}
\BOOKMARK [2][-]{subsection.15.10.1}{\376\377\000D\000e\000t\000a\000i\000l\000e\000d\000\040\000D\000e\000s\000c\000r\000i\000p\000t\000i\000o\000n}{section.15.10}
\BOOKMARK [2][-]{subsection.15.10.2}{\376\377\000F\000u\000n\000c\000t\000i\000o\000n\000\040\000D\000o\000c\000u\000m\000e\000n\000t\000a\000t\000i\000o\000n}{section.15.10}
\BOOKMARK [3][-]{subsubsection.15.10.2.1}{\376\377\000h\000w\000l\000o\000c\000\137\000g\000e\000t\000\137\000o\000b\000j\000\137\000b\000y\000\137\000d\000e\000p\000t\000h}{subsection.15.10.2}
\BOOKMARK [3][-]{subsubsection.15.10.2.2}{\376\377\000h\000w\000l\000o\000c\000\137\000g\000e\000t\000\137\000o\000b\000j\000\137\000b\000y\000\137\000t\000y\000p\000e}{subsection.15.10.2}
\BOOKMARK [1][-]{section.15.11}{\376\377\000O\000b\000j\000e\000c\000t\000/\000S\000t\000r\000i\000n\000g\000\040\000C\000o\000n\000v\000e\000r\000s\000i\000o\000n}{chapter.15}
\BOOKMARK [2][-]{subsection.15.11.1}{\376\377\000F\000u\000n\000c\000t\000i\000o\000n\000\040\000D\000o\000c\000u\000m\000e\000n\000t\000a\000t\000i\000o\000n}{section.15.11}
\BOOKMARK [3][-]{subsubsection.15.11.1.1}{\376\377\000h\000w\000l\000o\000c\000\137\000o\000b\000j\000\137\000a\000d\000d\000\137\000i\000n\000f\000o}{subsection.15.11.1}
\BOOKMARK [3][-]{subsubsection.15.11.1.2}{\376\377\000h\000w\000l\000o\000c\000\137\000o\000b\000j\000\137\000a\000t\000t\000r\000\137\000s\000n\000p\000r\000i\000n\000t\000f}{subsection.15.11.1}
\BOOKMARK [3][-]{subsubsection.15.11.1.3}{\376\377\000h\000w\000l\000o\000c\000\137\000o\000b\000j\000\137\000c\000p\000u\000s\000e\000t\000\137\000s\000n\000p\000r\000i\000n\000t\000f}{subsection.15.11.1}
\BOOKMARK [3][-]{subsubsection.15.11.1.4}{\376\377\000h\000w\000l\000o\000c\000\137\000o\000b\000j\000\137\000g\000e\000t\000\137\000i\000n\000f\000o\000\137\000b\000y\000\137\000n\000a\000m\000e}{subsection.15.11.1}
\BOOKMARK [3][-]{subsubsection.15.11.1.5}{\376\377\000h\000w\000l\000o\000c\000\137\000o\000b\000j\000\137\000s\000n\000p\000r\000i\000n\000t\000f}{subsection.15.11.1}
\BOOKMARK [3][-]{subsubsection.15.11.1.6}{\376\377\000h\000w\000l\000o\000c\000\137\000o\000b\000j\000\137\000t\000y\000p\000e\000\137\000o\000f\000\137\000s\000t\000r\000i\000n\000g}{subsection.15.11.1}
\BOOKMARK [3][-]{subsubsection.15.11.1.7}{\376\377\000h\000w\000l\000o\000c\000\137\000o\000b\000j\000\137\000t\000y\000p\000e\000\137\000s\000n\000p\000r\000i\000n\000t\000f}{subsection.15.11.1}
\BOOKMARK [3][-]{subsubsection.15.11.1.8}{\376\377\000h\000w\000l\000o\000c\000\137\000o\000b\000j\000\137\000t\000y\000p\000e\000\137\000s\000t\000r\000i\000n\000g}{subsection.15.11.1}
\BOOKMARK [1][-]{section.15.12}{\376\377\000C\000P\000U\000\040\000b\000i\000n\000d\000i\000n\000g}{chapter.15}
\BOOKMARK [2][-]{subsection.15.12.1}{\376\377\000D\000e\000t\000a\000i\000l\000e\000d\000\040\000D\000e\000s\000c\000r\000i\000p\000t\000i\000o\000n}{section.15.12}
\BOOKMARK [2][-]{subsection.15.12.2}{\376\377\000E\000n\000u\000m\000e\000r\000a\000t\000i\000o\000n\000\040\000T\000y\000p\000e\000\040\000D\000o\000c\000u\000m\000e\000n\000t\000a\000t\000i\000o\000n}{section.15.12}
\BOOKMARK [3][-]{subsubsection.15.12.2.1}{\376\377\000h\000w\000l\000o\000c\000\137\000c\000p\000u\000b\000i\000n\000d\000\137\000f\000l\000a\000g\000s\000\137\000t}{subsection.15.12.2}
\BOOKMARK [2][-]{subsection.15.12.3}{\376\377\000F\000u\000n\000c\000t\000i\000o\000n\000\040\000D\000o\000c\000u\000m\000e\000n\000t\000a\000t\000i\000o\000n}{section.15.12}
\BOOKMARK [3][-]{subsubsection.15.12.3.1}{\376\377\000h\000w\000l\000o\000c\000\137\000g\000e\000t\000\137\000c\000p\000u\000b\000i\000n\000d}{subsection.15.12.3}
\BOOKMARK [3][-]{subsubsection.15.12.3.2}{\376\377\000h\000w\000l\000o\000c\000\137\000g\000e\000t\000\137\000l\000a\000s\000t\000\137\000c\000p\000u\000\137\000l\000o\000c\000a\000t\000i\000o\000n}{subsection.15.12.3}
\BOOKMARK [3][-]{subsubsection.15.12.3.3}{\376\377\000h\000w\000l\000o\000c\000\137\000g\000e\000t\000\137\000p\000r\000o\000c\000\137\000c\000p\000u\000b\000i\000n\000d}{subsection.15.12.3}
\BOOKMARK [3][-]{subsubsection.15.12.3.4}{\376\377\000h\000w\000l\000o\000c\000\137\000g\000e\000t\000\137\000p\000r\000o\000c\000\137\000l\000a\000s\000t\000\137\000c\000p\000u\000\137\000l\000o\000c\000a\000t\000i\000o\000n}{subsection.15.12.3}
\BOOKMARK [3][-]{subsubsection.15.12.3.5}{\376\377\000h\000w\000l\000o\000c\000\137\000g\000e\000t\000\137\000t\000h\000r\000e\000a\000d\000\137\000c\000p\000u\000b\000i\000n\000d}{subsection.15.12.3}
\BOOKMARK [3][-]{subsubsection.15.12.3.6}{\376\377\000h\000w\000l\000o\000c\000\137\000s\000e\000t\000\137\000c\000p\000u\000b\000i\000n\000d}{subsection.15.12.3}
\BOOKMARK [3][-]{subsubsection.15.12.3.7}{\376\377\000h\000w\000l\000o\000c\000\137\000s\000e\000t\000\137\000p\000r\000o\000c\000\137\000c\000p\000u\000b\000i\000n\000d}{subsection.15.12.3}
\BOOKMARK [3][-]{subsubsection.15.12.3.8}{\376\377\000h\000w\000l\000o\000c\000\137\000s\000e\000t\000\137\000t\000h\000r\000e\000a\000d\000\137\000c\000p\000u\000b\000i\000n\000d}{subsection.15.12.3}
\BOOKMARK [1][-]{section.15.13}{\376\377\000M\000e\000m\000o\000r\000y\000\040\000b\000i\000n\000d\000i\000n\000g}{chapter.15}
\BOOKMARK [2][-]{subsection.15.13.1}{\376\377\000D\000e\000t\000a\000i\000l\000e\000d\000\040\000D\000e\000s\000c\000r\000i\000p\000t\000i\000o\000n}{section.15.13}
\BOOKMARK [2][-]{subsection.15.13.2}{\376\377\000E\000n\000u\000m\000e\000r\000a\000t\000i\000o\000n\000\040\000T\000y\000p\000e\000\040\000D\000o\000c\000u\000m\000e\000n\000t\000a\000t\000i\000o\000n}{section.15.13}
\BOOKMARK [3][-]{subsubsection.15.13.2.1}{\376\377\000h\000w\000l\000o\000c\000\137\000m\000e\000m\000b\000i\000n\000d\000\137\000f\000l\000a\000g\000s\000\137\000t}{subsection.15.13.2}
\BOOKMARK [3][-]{subsubsection.15.13.2.2}{\376\377\000h\000w\000l\000o\000c\000\137\000m\000e\000m\000b\000i\000n\000d\000\137\000p\000o\000l\000i\000c\000y\000\137\000t}{subsection.15.13.2}
\BOOKMARK [2][-]{subsection.15.13.3}{\376\377\000F\000u\000n\000c\000t\000i\000o\000n\000\040\000D\000o\000c\000u\000m\000e\000n\000t\000a\000t\000i\000o\000n}{section.15.13}
\BOOKMARK [3][-]{subsubsection.15.13.3.1}{\376\377\000h\000w\000l\000o\000c\000\137\000a\000l\000l\000o\000c}{subsection.15.13.3}
\BOOKMARK [3][-]{subsubsection.15.13.3.2}{\376\377\000h\000w\000l\000o\000c\000\137\000a\000l\000l\000o\000c\000\137\000m\000e\000m\000b\000i\000n\000d}{subsection.15.13.3}
\BOOKMARK [3][-]{subsubsection.15.13.3.3}{\376\377\000h\000w\000l\000o\000c\000\137\000a\000l\000l\000o\000c\000\137\000m\000e\000m\000b\000i\000n\000d\000\137\000n\000o\000d\000e\000s\000e\000t}{subsection.15.13.3}
\BOOKMARK [3][-]{subsubsection.15.13.3.4}{\376\377\000h\000w\000l\000o\000c\000\137\000f\000r\000e\000e}{subsection.15.13.3}
\BOOKMARK [3][-]{subsubsection.15.13.3.5}{\376\377\000h\000w\000l\000o\000c\000\137\000g\000e\000t\000\137\000a\000r\000e\000a\000\137\000m\000e\000m\000b\000i\000n\000d}{subsection.15.13.3}
\BOOKMARK [3][-]{subsubsection.15.13.3.6}{\376\377\000h\000w\000l\000o\000c\000\137\000g\000e\000t\000\137\000a\000r\000e\000a\000\137\000m\000e\000m\000b\000i\000n\000d\000\137\000n\000o\000d\000e\000s\000e\000t}{subsection.15.13.3}
\BOOKMARK [3][-]{subsubsection.15.13.3.7}{\376\377\000h\000w\000l\000o\000c\000\137\000g\000e\000t\000\137\000m\000e\000m\000b\000i\000n\000d}{subsection.15.13.3}
\BOOKMARK [3][-]{subsubsection.15.13.3.8}{\376\377\000h\000w\000l\000o\000c\000\137\000g\000e\000t\000\137\000m\000e\000m\000b\000i\000n\000d\000\137\000n\000o\000d\000e\000s\000e\000t}{subsection.15.13.3}
\BOOKMARK [3][-]{subsubsection.15.13.3.9}{\376\377\000h\000w\000l\000o\000c\000\137\000g\000e\000t\000\137\000p\000r\000o\000c\000\137\000m\000e\000m\000b\000i\000n\000d}{subsection.15.13.3}
\BOOKMARK [3][-]{subsubsection.15.13.3.10}{\376\377\000h\000w\000l\000o\000c\000\137\000g\000e\000t\000\137\000p\000r\000o\000c\000\137\000m\000e\000m\000b\000i\000n\000d\000\137\000n\000o\000d\000e\000s\000e\000t}{subsection.15.13.3}
\BOOKMARK [3][-]{subsubsection.15.13.3.11}{\376\377\000h\000w\000l\000o\000c\000\137\000s\000e\000t\000\137\000a\000r\000e\000a\000\137\000m\000e\000m\000b\000i\000n\000d}{subsection.15.13.3}
\BOOKMARK [3][-]{subsubsection.15.13.3.12}{\376\377\000h\000w\000l\000o\000c\000\137\000s\000e\000t\000\137\000a\000r\000e\000a\000\137\000m\000e\000m\000b\000i\000n\000d\000\137\000n\000o\000d\000e\000s\000e\000t}{subsection.15.13.3}
\BOOKMARK [3][-]{subsubsection.15.13.3.13}{\376\377\000h\000w\000l\000o\000c\000\137\000s\000e\000t\000\137\000m\000e\000m\000b\000i\000n\000d}{subsection.15.13.3}
\BOOKMARK [3][-]{subsubsection.15.13.3.14}{\376\377\000h\000w\000l\000o\000c\000\137\000s\000e\000t\000\137\000m\000e\000m\000b\000i\000n\000d\000\137\000n\000o\000d\000e\000s\000e\000t}{subsection.15.13.3}
\BOOKMARK [3][-]{subsubsection.15.13.3.15}{\376\377\000h\000w\000l\000o\000c\000\137\000s\000e\000t\000\137\000p\000r\000o\000c\000\137\000m\000e\000m\000b\000i\000n\000d}{subsection.15.13.3}
\BOOKMARK [3][-]{subsubsection.15.13.3.16}{\376\377\000h\000w\000l\000o\000c\000\137\000s\000e\000t\000\137\000p\000r\000o\000c\000\137\000m\000e\000m\000b\000i\000n\000d\000\137\000n\000o\000d\000e\000s\000e\000t}{subsection.15.13.3}
\BOOKMARK [1][-]{section.15.14}{\376\377\000B\000u\000i\000l\000d\000i\000n\000g\000\040\000C\000u\000s\000t\000o\000m\000\040\000T\000o\000p\000o\000l\000o\000g\000i\000e\000s}{chapter.15}
\BOOKMARK [2][-]{subsection.15.14.1}{\376\377\000D\000e\000t\000a\000i\000l\000e\000d\000\040\000D\000e\000s\000c\000r\000i\000p\000t\000i\000o\000n}{section.15.14}
\BOOKMARK [2][-]{subsection.15.14.2}{\376\377\000F\000u\000n\000c\000t\000i\000o\000n\000\040\000D\000o\000c\000u\000m\000e\000n\000t\000a\000t\000i\000o\000n}{section.15.14}
\BOOKMARK [3][-]{subsubsection.15.14.2.1}{\376\377\000h\000w\000l\000o\000c\000\137\000c\000u\000s\000t\000o\000m\000\137\000i\000n\000s\000e\000r\000t\000\137\000g\000r\000o\000u\000p\000\137\000o\000b\000j\000e\000c\000t\000\137\000b\000y\000\137\000p\000a\000r\000e\000n\000t}{subsection.15.14.2}
\BOOKMARK [3][-]{subsubsection.15.14.2.2}{\376\377\000h\000w\000l\000o\000c\000\137\000c\000u\000s\000t\000o\000m\000\137\000i\000n\000s\000e\000r\000t\000\137\000t\000o\000p\000o\000l\000o\000g\000y}{subsection.15.14.2}
\BOOKMARK [1][-]{section.15.15}{\376\377\000O\000b\000j\000e\000c\000t\000\040\000T\000y\000p\000e\000\040\000H\000e\000l\000p\000e\000r\000s}{chapter.15}
\BOOKMARK [2][-]{subsection.15.15.1}{\376\377\000D\000e\000t\000a\000i\000l\000e\000d\000\040\000D\000e\000s\000c\000r\000i\000p\000t\000i\000o\000n}{section.15.15}
\BOOKMARK [2][-]{subsection.15.15.2}{\376\377\000F\000u\000n\000c\000t\000i\000o\000n\000\040\000D\000o\000c\000u\000m\000e\000n\000t\000a\000t\000i\000o\000n}{section.15.15}
\BOOKMARK [3][-]{subsubsection.15.15.2.1}{\376\377\000h\000w\000l\000o\000c\000\137\000g\000e\000t\000\137\000t\000y\000p\000e\000\137\000o\000r\000\137\000a\000b\000o\000v\000e\000\137\000d\000e\000p\000t\000h}{subsection.15.15.2}
\BOOKMARK [3][-]{subsubsection.15.15.2.2}{\376\377\000h\000w\000l\000o\000c\000\137\000g\000e\000t\000\137\000t\000y\000p\000e\000\137\000o\000r\000\137\000b\000e\000l\000o\000w\000\137\000d\000e\000p\000t\000h}{subsection.15.15.2}
\BOOKMARK [1][-]{section.15.16}{\376\377\000B\000a\000s\000i\000c\000\040\000T\000r\000a\000v\000e\000r\000s\000a\000l\000\040\000H\000e\000l\000p\000e\000r\000s}{chapter.15}
\BOOKMARK [2][-]{subsection.15.16.1}{\376\377\000D\000e\000t\000a\000i\000l\000e\000d\000\040\000D\000e\000s\000c\000r\000i\000p\000t\000i\000o\000n}{section.15.16}
\BOOKMARK [2][-]{subsection.15.16.2}{\376\377\000F\000u\000n\000c\000t\000i\000o\000n\000\040\000D\000o\000c\000u\000m\000e\000n\000t\000a\000t\000i\000o\000n}{section.15.16}
\BOOKMARK [3][-]{subsubsection.15.16.2.1}{\376\377\000h\000w\000l\000o\000c\000\137\000g\000e\000t\000\137\000a\000n\000c\000e\000s\000t\000o\000r\000\137\000o\000b\000j\000\137\000b\000y\000\137\000d\000e\000p\000t\000h}{subsection.15.16.2}
\BOOKMARK [3][-]{subsubsection.15.16.2.2}{\376\377\000h\000w\000l\000o\000c\000\137\000g\000e\000t\000\137\000a\000n\000c\000e\000s\000t\000o\000r\000\137\000o\000b\000j\000\137\000b\000y\000\137\000t\000y\000p\000e}{subsection.15.16.2}
\BOOKMARK [3][-]{subsubsection.15.16.2.3}{\376\377\000h\000w\000l\000o\000c\000\137\000g\000e\000t\000\137\000c\000o\000m\000m\000o\000n\000\137\000a\000n\000c\000e\000s\000t\000o\000r\000\137\000o\000b\000j}{subsection.15.16.2}
\BOOKMARK [3][-]{subsubsection.15.16.2.4}{\376\377\000h\000w\000l\000o\000c\000\137\000g\000e\000t\000\137\000n\000e\000x\000t\000\137\000c\000h\000i\000l\000d}{subsection.15.16.2}
\BOOKMARK [3][-]{subsubsection.15.16.2.5}{\376\377\000h\000w\000l\000o\000c\000\137\000g\000e\000t\000\137\000n\000e\000x\000t\000\137\000o\000b\000j\000\137\000b\000y\000\137\000d\000e\000p\000t\000h}{subsection.15.16.2}
\BOOKMARK [3][-]{subsubsection.15.16.2.6}{\376\377\000h\000w\000l\000o\000c\000\137\000g\000e\000t\000\137\000n\000e\000x\000t\000\137\000o\000b\000j\000\137\000b\000y\000\137\000t\000y\000p\000e}{subsection.15.16.2}
\BOOKMARK [3][-]{subsubsection.15.16.2.7}{\376\377\000h\000w\000l\000o\000c\000\137\000g\000e\000t\000\137\000p\000u\000\137\000o\000b\000j\000\137\000b\000y\000\137\000o\000s\000\137\000i\000n\000d\000e\000x}{subsection.15.16.2}
\BOOKMARK [3][-]{subsubsection.15.16.2.8}{\376\377\000h\000w\000l\000o\000c\000\137\000g\000e\000t\000\137\000r\000o\000o\000t\000\137\000o\000b\000j}{subsection.15.16.2}
\BOOKMARK [3][-]{subsubsection.15.16.2.9}{\376\377\000h\000w\000l\000o\000c\000\137\000o\000b\000j\000\137\000i\000s\000\137\000i\000n\000\137\000s\000u\000b\000t\000r\000e\000e}{subsection.15.16.2}
\BOOKMARK [1][-]{section.15.17}{\376\377\000F\000i\000n\000d\000i\000n\000g\000\040\000O\000b\000j\000e\000c\000t\000s\000\040\000I\000n\000s\000i\000d\000e\000\040\000a\000\040\000C\000P\000U\000\040\000s\000e\000t}{chapter.15}
\BOOKMARK [2][-]{subsection.15.17.1}{\376\377\000F\000u\000n\000c\000t\000i\000o\000n\000\040\000D\000o\000c\000u\000m\000e\000n\000t\000a\000t\000i\000o\000n}{section.15.17}
\BOOKMARK [3][-]{subsubsection.15.17.1.1}{\376\377\000h\000w\000l\000o\000c\000\137\000g\000e\000t\000\137\000f\000i\000r\000s\000t\000\137\000l\000a\000r\000g\000e\000s\000t\000\137\000o\000b\000j\000\137\000i\000n\000s\000i\000d\000e\000\137\000c\000p\000u\000s\000e\000t}{subsection.15.17.1}
\BOOKMARK [3][-]{subsubsection.15.17.1.2}{\376\377\000h\000w\000l\000o\000c\000\137\000g\000e\000t\000\137\000l\000a\000r\000g\000e\000s\000t\000\137\000o\000b\000j\000s\000\137\000i\000n\000s\000i\000d\000e\000\137\000c\000p\000u\000s\000e\000t}{subsection.15.17.1}
\BOOKMARK [3][-]{subsubsection.15.17.1.3}{\376\377\000h\000w\000l\000o\000c\000\137\000g\000e\000t\000\137\000n\000b\000o\000b\000j\000s\000\137\000i\000n\000s\000i\000d\000e\000\137\000c\000p\000u\000s\000e\000t\000\137\000b\000y\000\137\000d\000e\000p\000t\000h}{subsection.15.17.1}
\BOOKMARK [3][-]{subsubsection.15.17.1.4}{\376\377\000h\000w\000l\000o\000c\000\137\000g\000e\000t\000\137\000n\000b\000o\000b\000j\000s\000\137\000i\000n\000s\000i\000d\000e\000\137\000c\000p\000u\000s\000e\000t\000\137\000b\000y\000\137\000t\000y\000p\000e}{subsection.15.17.1}
\BOOKMARK [3][-]{subsubsection.15.17.1.5}{\376\377\000h\000w\000l\000o\000c\000\137\000g\000e\000t\000\137\000n\000e\000x\000t\000\137\000o\000b\000j\000\137\000i\000n\000s\000i\000d\000e\000\137\000c\000p\000u\000s\000e\000t\000\137\000b\000y\000\137\000d\000e\000p\000t\000h}{subsection.15.17.1}
\BOOKMARK [3][-]{subsubsection.15.17.1.6}{\376\377\000h\000w\000l\000o\000c\000\137\000g\000e\000t\000\137\000n\000e\000x\000t\000\137\000o\000b\000j\000\137\000i\000n\000s\000i\000d\000e\000\137\000c\000p\000u\000s\000e\000t\000\137\000b\000y\000\137\000t\000y\000p\000e}{subsection.15.17.1}
\BOOKMARK [3][-]{subsubsection.15.17.1.7}{\376\377\000h\000w\000l\000o\000c\000\137\000g\000e\000t\000\137\000o\000b\000j\000\137\000i\000n\000d\000e\000x\000\137\000i\000n\000s\000i\000d\000e\000\137\000c\000p\000u\000s\000e\000t}{subsection.15.17.1}
\BOOKMARK [3][-]{subsubsection.15.17.1.8}{\376\377\000h\000w\000l\000o\000c\000\137\000g\000e\000t\000\137\000o\000b\000j\000\137\000i\000n\000s\000i\000d\000e\000\137\000c\000p\000u\000s\000e\000t\000\137\000b\000y\000\137\000d\000e\000p\000t\000h}{subsection.15.17.1}
\BOOKMARK [3][-]{subsubsection.15.17.1.9}{\376\377\000h\000w\000l\000o\000c\000\137\000g\000e\000t\000\137\000o\000b\000j\000\137\000i\000n\000s\000i\000d\000e\000\137\000c\000p\000u\000s\000e\000t\000\137\000b\000y\000\137\000t\000y\000p\000e}{subsection.15.17.1}
\BOOKMARK [1][-]{section.15.18}{\376\377\000F\000i\000n\000d\000i\000n\000g\000\040\000a\000\040\000s\000i\000n\000g\000l\000e\000\040\000O\000b\000j\000e\000c\000t\000\040\000c\000o\000v\000e\000r\000i\000n\000g\000\040\000a\000t\000\040\000l\000e\000a\000s\000t\000\040\000C\000P\000U\000\040\000s\000e\000t}{chapter.15}
\BOOKMARK [2][-]{subsection.15.18.1}{\376\377\000F\000u\000n\000c\000t\000i\000o\000n\000\040\000D\000o\000c\000u\000m\000e\000n\000t\000a\000t\000i\000o\000n}{section.15.18}
\BOOKMARK [3][-]{subsubsection.15.18.1.1}{\376\377\000h\000w\000l\000o\000c\000\137\000g\000e\000t\000\137\000c\000h\000i\000l\000d\000\137\000c\000o\000v\000e\000r\000i\000n\000g\000\137\000c\000p\000u\000s\000e\000t}{subsection.15.18.1}
\BOOKMARK [3][-]{subsubsection.15.18.1.2}{\376\377\000h\000w\000l\000o\000c\000\137\000g\000e\000t\000\137\000o\000b\000j\000\137\000c\000o\000v\000e\000r\000i\000n\000g\000\137\000c\000p\000u\000s\000e\000t}{subsection.15.18.1}
\BOOKMARK [1][-]{section.15.19}{\376\377\000F\000i\000n\000d\000i\000n\000g\000\040\000a\000\040\000s\000e\000t\000\040\000o\000f\000\040\000s\000i\000m\000i\000l\000a\000r\000\040\000O\000b\000j\000e\000c\000t\000s\000\040\000c\000o\000v\000e\000r\000i\000n\000g\000\040\000a\000t\000\040\000l\000e\000a\000s\000t\000\040\000a\000\040\000C\000P\000U\000\040\000s\000e\000t}{chapter.15}
\BOOKMARK [2][-]{subsection.15.19.1}{\376\377\000F\000u\000n\000c\000t\000i\000o\000n\000\040\000D\000o\000c\000u\000m\000e\000n\000t\000a\000t\000i\000o\000n}{section.15.19}
\BOOKMARK [3][-]{subsubsection.15.19.1.1}{\376\377\000h\000w\000l\000o\000c\000\137\000g\000e\000t\000\137\000n\000e\000x\000t\000\137\000o\000b\000j\000\137\000c\000o\000v\000e\000r\000i\000n\000g\000\137\000c\000p\000u\000s\000e\000t\000\137\000b\000y\000\137\000d\000e\000p\000t\000h}{subsection.15.19.1}
\BOOKMARK [3][-]{subsubsection.15.19.1.2}{\376\377\000h\000w\000l\000o\000c\000\137\000g\000e\000t\000\137\000n\000e\000x\000t\000\137\000o\000b\000j\000\137\000c\000o\000v\000e\000r\000i\000n\000g\000\137\000c\000p\000u\000s\000e\000t\000\137\000b\000y\000\137\000t\000y\000p\000e}{subsection.15.19.1}
\BOOKMARK [1][-]{section.15.20}{\376\377\000C\000a\000c\000h\000e\000-\000s\000p\000e\000c\000i\000f\000i\000c\000\040\000F\000i\000n\000d\000i\000n\000g\000\040\000H\000e\000l\000p\000e\000r\000s}{chapter.15}
\BOOKMARK [2][-]{subsection.15.20.1}{\376\377\000F\000u\000n\000c\000t\000i\000o\000n\000\040\000D\000o\000c\000u\000m\000e\000n\000t\000a\000t\000i\000o\000n}{section.15.20}
\BOOKMARK [3][-]{subsubsection.15.20.1.1}{\376\377\000h\000w\000l\000o\000c\000\137\000g\000e\000t\000\137\000c\000a\000c\000h\000e\000\137\000c\000o\000v\000e\000r\000i\000n\000g\000\137\000c\000p\000u\000s\000e\000t}{subsection.15.20.1}
\BOOKMARK [3][-]{subsubsection.15.20.1.2}{\376\377\000h\000w\000l\000o\000c\000\137\000g\000e\000t\000\137\000c\000a\000c\000h\000e\000\137\000t\000y\000p\000e\000\137\000d\000e\000p\000t\000h}{subsection.15.20.1}
\BOOKMARK [3][-]{subsubsection.15.20.1.3}{\376\377\000h\000w\000l\000o\000c\000\137\000g\000e\000t\000\137\000s\000h\000a\000r\000e\000d\000\137\000c\000a\000c\000h\000e\000\137\000c\000o\000v\000e\000r\000i\000n\000g\000\137\000o\000b\000j}{subsection.15.20.1}
\BOOKMARK [1][-]{section.15.21}{\376\377\000A\000d\000v\000a\000n\000c\000e\000d\000\040\000T\000r\000a\000v\000e\000r\000s\000a\000l\000\040\000H\000e\000l\000p\000e\000r\000s}{chapter.15}
\BOOKMARK [2][-]{subsection.15.21.1}{\376\377\000D\000e\000t\000a\000i\000l\000e\000d\000\040\000D\000e\000s\000c\000r\000i\000p\000t\000i\000o\000n}{section.15.21}
\BOOKMARK [2][-]{subsection.15.21.2}{\376\377\000F\000u\000n\000c\000t\000i\000o\000n\000\040\000D\000o\000c\000u\000m\000e\000n\000t\000a\000t\000i\000o\000n}{section.15.21}
\BOOKMARK [3][-]{subsubsection.15.21.2.1}{\376\377\000h\000w\000l\000o\000c\000\137\000g\000e\000t\000\137\000c\000l\000o\000s\000e\000s\000t\000\137\000o\000b\000j\000s}{subsection.15.21.2}
\BOOKMARK [3][-]{subsubsection.15.21.2.2}{\376\377\000h\000w\000l\000o\000c\000\137\000g\000e\000t\000\137\000o\000b\000j\000\137\000b\000e\000l\000o\000w\000\137\000a\000r\000r\000a\000y\000\137\000b\000y\000\137\000t\000y\000p\000e}{subsection.15.21.2}
\BOOKMARK [3][-]{subsubsection.15.21.2.3}{\376\377\000h\000w\000l\000o\000c\000\137\000g\000e\000t\000\137\000o\000b\000j\000\137\000b\000e\000l\000o\000w\000\137\000b\000y\000\137\000t\000y\000p\000e}{subsection.15.21.2}
\BOOKMARK [1][-]{section.15.22}{\376\377\000B\000i\000n\000d\000i\000n\000g\000\040\000H\000e\000l\000p\000e\000r\000s}{chapter.15}
\BOOKMARK [2][-]{subsection.15.22.1}{\376\377\000F\000u\000n\000c\000t\000i\000o\000n\000\040\000D\000o\000c\000u\000m\000e\000n\000t\000a\000t\000i\000o\000n}{section.15.22}
\BOOKMARK [3][-]{subsubsection.15.22.1.1}{\376\377\000h\000w\000l\000o\000c\000\137\000a\000l\000l\000o\000c\000\137\000m\000e\000m\000b\000i\000n\000d\000\137\000p\000o\000l\000i\000c\000y}{subsection.15.22.1}
\BOOKMARK [3][-]{subsubsection.15.22.1.2}{\376\377\000h\000w\000l\000o\000c\000\137\000a\000l\000l\000o\000c\000\137\000m\000e\000m\000b\000i\000n\000d\000\137\000p\000o\000l\000i\000c\000y\000\137\000n\000o\000d\000e\000s\000e\000t}{subsection.15.22.1}
\BOOKMARK [3][-]{subsubsection.15.22.1.3}{\376\377\000h\000w\000l\000o\000c\000\137\000d\000i\000s\000t\000r\000i\000b\000u\000t\000e}{subsection.15.22.1}
\BOOKMARK [3][-]{subsubsection.15.22.1.4}{\376\377\000h\000w\000l\000o\000c\000\137\000d\000i\000s\000t\000r\000i\000b\000u\000t\000e\000v}{subsection.15.22.1}
\BOOKMARK [1][-]{section.15.23}{\376\377\000C\000p\000u\000s\000e\000t\000\040\000H\000e\000l\000p\000e\000r\000s}{chapter.15}
\BOOKMARK [2][-]{subsection.15.23.1}{\376\377\000F\000u\000n\000c\000t\000i\000o\000n\000\040\000D\000o\000c\000u\000m\000e\000n\000t\000a\000t\000i\000o\000n}{section.15.23}
\BOOKMARK [3][-]{subsubsection.15.23.1.1}{\376\377\000h\000w\000l\000o\000c\000\137\000t\000o\000p\000o\000l\000o\000g\000y\000\137\000g\000e\000t\000\137\000a\000l\000l\000o\000w\000e\000d\000\137\000c\000p\000u\000s\000e\000t}{subsection.15.23.1}
\BOOKMARK [3][-]{subsubsection.15.23.1.2}{\376\377\000h\000w\000l\000o\000c\000\137\000t\000o\000p\000o\000l\000o\000g\000y\000\137\000g\000e\000t\000\137\000c\000o\000m\000p\000l\000e\000t\000e\000\137\000c\000p\000u\000s\000e\000t}{subsection.15.23.1}
\BOOKMARK [3][-]{subsubsection.15.23.1.3}{\376\377\000h\000w\000l\000o\000c\000\137\000t\000o\000p\000o\000l\000o\000g\000y\000\137\000g\000e\000t\000\137\000o\000n\000l\000i\000n\000e\000\137\000c\000p\000u\000s\000e\000t}{subsection.15.23.1}
\BOOKMARK [3][-]{subsubsection.15.23.1.4}{\376\377\000h\000w\000l\000o\000c\000\137\000t\000o\000p\000o\000l\000o\000g\000y\000\137\000g\000e\000t\000\137\000t\000o\000p\000o\000l\000o\000g\000y\000\137\000c\000p\000u\000s\000e\000t}{subsection.15.23.1}
\BOOKMARK [1][-]{section.15.24}{\376\377\000N\000o\000d\000e\000s\000e\000t\000\040\000H\000e\000l\000p\000e\000r\000s}{chapter.15}
\BOOKMARK [2][-]{subsection.15.24.1}{\376\377\000F\000u\000n\000c\000t\000i\000o\000n\000\040\000D\000o\000c\000u\000m\000e\000n\000t\000a\000t\000i\000o\000n}{section.15.24}
\BOOKMARK [3][-]{subsubsection.15.24.1.1}{\376\377\000h\000w\000l\000o\000c\000\137\000t\000o\000p\000o\000l\000o\000g\000y\000\137\000g\000e\000t\000\137\000a\000l\000l\000o\000w\000e\000d\000\137\000n\000o\000d\000e\000s\000e\000t}{subsection.15.24.1}
\BOOKMARK [3][-]{subsubsection.15.24.1.2}{\376\377\000h\000w\000l\000o\000c\000\137\000t\000o\000p\000o\000l\000o\000g\000y\000\137\000g\000e\000t\000\137\000c\000o\000m\000p\000l\000e\000t\000e\000\137\000n\000o\000d\000e\000s\000e\000t}{subsection.15.24.1}
\BOOKMARK [3][-]{subsubsection.15.24.1.3}{\376\377\000h\000w\000l\000o\000c\000\137\000t\000o\000p\000o\000l\000o\000g\000y\000\137\000g\000e\000t\000\137\000t\000o\000p\000o\000l\000o\000g\000y\000\137\000n\000o\000d\000e\000s\000e\000t}{subsection.15.24.1}
\BOOKMARK [1][-]{section.15.25}{\376\377\000C\000o\000n\000v\000e\000r\000s\000i\000o\000n\000\040\000b\000e\000t\000w\000e\000e\000n\000\040\000c\000p\000u\000s\000e\000t\000\040\000a\000n\000d\000\040\000n\000o\000d\000e\000s\000e\000t}{chapter.15}
\BOOKMARK [2][-]{subsection.15.25.1}{\376\377\000D\000e\000t\000a\000i\000l\000e\000d\000\040\000D\000e\000s\000c\000r\000i\000p\000t\000i\000o\000n}{section.15.25}
\BOOKMARK [2][-]{subsection.15.25.2}{\376\377\000F\000u\000n\000c\000t\000i\000o\000n\000\040\000D\000o\000c\000u\000m\000e\000n\000t\000a\000t\000i\000o\000n}{section.15.25}
\BOOKMARK [3][-]{subsubsection.15.25.2.1}{\376\377\000h\000w\000l\000o\000c\000\137\000c\000p\000u\000s\000e\000t\000\137\000f\000r\000o\000m\000\137\000n\000o\000d\000e\000s\000e\000t}{subsection.15.25.2}
\BOOKMARK [3][-]{subsubsection.15.25.2.2}{\376\377\000h\000w\000l\000o\000c\000\137\000c\000p\000u\000s\000e\000t\000\137\000f\000r\000o\000m\000\137\000n\000o\000d\000e\000s\000e\000t\000\137\000s\000t\000r\000i\000c\000t}{subsection.15.25.2}
\BOOKMARK [3][-]{subsubsection.15.25.2.3}{\376\377\000h\000w\000l\000o\000c\000\137\000c\000p\000u\000s\000e\000t\000\137\000t\000o\000\137\000n\000o\000d\000e\000s\000e\000t}{subsection.15.25.2}
\BOOKMARK [3][-]{subsubsection.15.25.2.4}{\376\377\000h\000w\000l\000o\000c\000\137\000c\000p\000u\000s\000e\000t\000\137\000t\000o\000\137\000n\000o\000d\000e\000s\000e\000t\000\137\000s\000t\000r\000i\000c\000t}{subsection.15.25.2}
\BOOKMARK [1][-]{section.15.26}{\376\377\000D\000i\000s\000t\000a\000n\000c\000e\000s}{chapter.15}
\BOOKMARK [2][-]{subsection.15.26.1}{\376\377\000F\000u\000n\000c\000t\000i\000o\000n\000\040\000D\000o\000c\000u\000m\000e\000n\000t\000a\000t\000i\000o\000n}{section.15.26}
\BOOKMARK [3][-]{subsubsection.15.26.1.1}{\376\377\000h\000w\000l\000o\000c\000\137\000g\000e\000t\000\137\000d\000i\000s\000t\000a\000n\000c\000e\000\137\000m\000a\000t\000r\000i\000x\000\137\000c\000o\000v\000e\000r\000i\000n\000g\000\137\000o\000b\000j\000\137\000b\000y\000\137\000d\000e\000p\000t\000h}{subsection.15.26.1}
\BOOKMARK [3][-]{subsubsection.15.26.1.2}{\376\377\000h\000w\000l\000o\000c\000\137\000g\000e\000t\000\137\000l\000a\000t\000e\000n\000c\000y}{subsection.15.26.1}
\BOOKMARK [3][-]{subsubsection.15.26.1.3}{\376\377\000h\000w\000l\000o\000c\000\137\000g\000e\000t\000\137\000w\000h\000o\000l\000e\000\137\000d\000i\000s\000t\000a\000n\000c\000e\000\137\000m\000a\000t\000r\000i\000x\000\137\000b\000y\000\137\000d\000e\000p\000t\000h}{subsection.15.26.1}
\BOOKMARK [3][-]{subsubsection.15.26.1.4}{\376\377\000h\000w\000l\000o\000c\000\137\000g\000e\000t\000\137\000w\000h\000o\000l\000e\000\137\000d\000i\000s\000t\000a\000n\000c\000e\000\137\000m\000a\000t\000r\000i\000x\000\137\000b\000y\000\137\000t\000y\000p\000e}{subsection.15.26.1}
\BOOKMARK [1][-]{section.15.27}{\376\377\000A\000d\000v\000a\000n\000c\000e\000d\000\040\000I\000/\000O\000\040\000o\000b\000j\000e\000c\000t\000\040\000t\000r\000a\000v\000e\000r\000s\000a\000l\000\040\000h\000e\000l\000p\000e\000r\000s}{chapter.15}
\BOOKMARK [2][-]{subsection.15.27.1}{\376\377\000F\000u\000n\000c\000t\000i\000o\000n\000\040\000D\000o\000c\000u\000m\000e\000n\000t\000a\000t\000i\000o\000n}{section.15.27}
\BOOKMARK [3][-]{subsubsection.15.27.1.1}{\376\377\000h\000w\000l\000o\000c\000\137\000b\000r\000i\000d\000g\000e\000\137\000c\000o\000v\000e\000r\000s\000\137\000p\000c\000i\000b\000u\000s}{subsection.15.27.1}
\BOOKMARK [3][-]{subsubsection.15.27.1.2}{\376\377\000h\000w\000l\000o\000c\000\137\000g\000e\000t\000\137\000h\000o\000s\000t\000b\000r\000i\000d\000g\000e\000\137\000b\000y\000\137\000p\000c\000i\000b\000u\000s}{subsection.15.27.1}
\BOOKMARK [3][-]{subsubsection.15.27.1.3}{\376\377\000h\000w\000l\000o\000c\000\137\000g\000e\000t\000\137\000n\000e\000x\000t\000\137\000b\000r\000i\000d\000g\000e}{subsection.15.27.1}
\BOOKMARK [3][-]{subsubsection.15.27.1.4}{\376\377\000h\000w\000l\000o\000c\000\137\000g\000e\000t\000\137\000n\000e\000x\000t\000\137\000o\000s\000d\000e\000v}{subsection.15.27.1}
\BOOKMARK [3][-]{subsubsection.15.27.1.5}{\376\377\000h\000w\000l\000o\000c\000\137\000g\000e\000t\000\137\000n\000e\000x\000t\000\137\000p\000c\000i\000d\000e\000v}{subsection.15.27.1}
\BOOKMARK [3][-]{subsubsection.15.27.1.6}{\376\377\000h\000w\000l\000o\000c\000\137\000g\000e\000t\000\137\000n\000o\000n\000\137\000i\000o\000\137\000a\000n\000c\000e\000s\000t\000o\000r\000\137\000o\000b\000j}{subsection.15.27.1}
\BOOKMARK [3][-]{subsubsection.15.27.1.7}{\376\377\000h\000w\000l\000o\000c\000\137\000g\000e\000t\000\137\000p\000c\000i\000d\000e\000v\000\137\000b\000y\000\137\000b\000u\000s\000i\000d}{subsection.15.27.1}
\BOOKMARK [3][-]{subsubsection.15.27.1.8}{\376\377\000h\000w\000l\000o\000c\000\137\000g\000e\000t\000\137\000p\000c\000i\000d\000e\000v\000\137\000b\000y\000\137\000b\000u\000s\000i\000d\000s\000t\000r\000i\000n\000g}{subsection.15.27.1}
\BOOKMARK [3][-]{subsubsection.15.27.1.9}{\376\377\000h\000w\000l\000o\000c\000\137\000g\000e\000t\000\137\000p\000c\000i\000d\000e\000v\000\137\000b\000y\000\137\000d\000i\000s\000p\000l\000a\000y}{subsection.15.27.1}
\BOOKMARK [3][-]{subsubsection.15.27.1.10}{\376\377\000h\000w\000l\000o\000c\000\137\000g\000e\000t\000\137\000p\000c\000i\000d\000e\000v\000i\000c\000e\000\137\000c\000p\000u\000s\000e\000t}{subsection.15.27.1}
\BOOKMARK [1][-]{section.15.28}{\376\377\000T\000h\000e\000\040\000b\000i\000t\000m\000a\000p\000\040\000A\000P\000I}{chapter.15}
\BOOKMARK [2][-]{subsection.15.28.1}{\376\377\000D\000e\000t\000a\000i\000l\000e\000d\000\040\000D\000e\000s\000c\000r\000i\000p\000t\000i\000o\000n}{section.15.28}
\BOOKMARK [2][-]{subsection.15.28.2}{\376\377\000D\000e\000f\000i\000n\000e\000\040\000D\000o\000c\000u\000m\000e\000n\000t\000a\000t\000i\000o\000n}{section.15.28}
\BOOKMARK [3][-]{subsubsection.15.28.2.1}{\376\377\000h\000w\000l\000o\000c\000\137\000b\000i\000t\000m\000a\000p\000\137\000f\000o\000r\000e\000a\000c\000h\000\137\000b\000e\000g\000i\000n}{subsection.15.28.2}
\BOOKMARK [3][-]{subsubsection.15.28.2.2}{\376\377\000h\000w\000l\000o\000c\000\137\000b\000i\000t\000m\000a\000p\000\137\000f\000o\000r\000e\000a\000c\000h\000\137\000e\000n\000d}{subsection.15.28.2}
\BOOKMARK [2][-]{subsection.15.28.3}{\376\377\000T\000y\000p\000e\000d\000e\000f\000\040\000D\000o\000c\000u\000m\000e\000n\000t\000a\000t\000i\000o\000n}{section.15.28}
\BOOKMARK [3][-]{subsubsection.15.28.3.1}{\376\377\000h\000w\000l\000o\000c\000\137\000b\000i\000t\000m\000a\000p\000\137\000t}{subsection.15.28.3}
\BOOKMARK [3][-]{subsubsection.15.28.3.2}{\376\377\000h\000w\000l\000o\000c\000\137\000c\000o\000n\000s\000t\000\137\000b\000i\000t\000m\000a\000p\000\137\000t}{subsection.15.28.3}
\BOOKMARK [2][-]{subsection.15.28.4}{\376\377\000F\000u\000n\000c\000t\000i\000o\000n\000\040\000D\000o\000c\000u\000m\000e\000n\000t\000a\000t\000i\000o\000n}{section.15.28}
\BOOKMARK [3][-]{subsubsection.15.28.4.1}{\376\377\000h\000w\000l\000o\000c\000\137\000b\000i\000t\000m\000a\000p\000\137\000a\000l\000l\000b\000u\000t}{subsection.15.28.4}
\BOOKMARK [3][-]{subsubsection.15.28.4.2}{\376\377\000h\000w\000l\000o\000c\000\137\000b\000i\000t\000m\000a\000p\000\137\000a\000l\000l\000o\000c}{subsection.15.28.4}
\BOOKMARK [3][-]{subsubsection.15.28.4.3}{\376\377\000h\000w\000l\000o\000c\000\137\000b\000i\000t\000m\000a\000p\000\137\000a\000l\000l\000o\000c\000\137\000f\000u\000l\000l}{subsection.15.28.4}
\BOOKMARK [3][-]{subsubsection.15.28.4.4}{\376\377\000h\000w\000l\000o\000c\000\137\000b\000i\000t\000m\000a\000p\000\137\000a\000n\000d}{subsection.15.28.4}
\BOOKMARK [3][-]{subsubsection.15.28.4.5}{\376\377\000h\000w\000l\000o\000c\000\137\000b\000i\000t\000m\000a\000p\000\137\000a\000n\000d\000n\000o\000t}{subsection.15.28.4}
\BOOKMARK [3][-]{subsubsection.15.28.4.6}{\376\377\000h\000w\000l\000o\000c\000\137\000b\000i\000t\000m\000a\000p\000\137\000a\000s\000p\000r\000i\000n\000t\000f}{subsection.15.28.4}
\BOOKMARK [3][-]{subsubsection.15.28.4.7}{\376\377\000h\000w\000l\000o\000c\000\137\000b\000i\000t\000m\000a\000p\000\137\000c\000l\000r}{subsection.15.28.4}
\BOOKMARK [3][-]{subsubsection.15.28.4.8}{\376\377\000h\000w\000l\000o\000c\000\137\000b\000i\000t\000m\000a\000p\000\137\000c\000l\000r\000\137\000r\000a\000n\000g\000e}{subsection.15.28.4}
\BOOKMARK [3][-]{subsubsection.15.28.4.9}{\376\377\000h\000w\000l\000o\000c\000\137\000b\000i\000t\000m\000a\000p\000\137\000c\000o\000m\000p\000a\000r\000e}{subsection.15.28.4}
\BOOKMARK [3][-]{subsubsection.15.28.4.10}{\376\377\000h\000w\000l\000o\000c\000\137\000b\000i\000t\000m\000a\000p\000\137\000c\000o\000m\000p\000a\000r\000e\000\137\000f\000i\000r\000s\000t}{subsection.15.28.4}
\BOOKMARK [3][-]{subsubsection.15.28.4.11}{\376\377\000h\000w\000l\000o\000c\000\137\000b\000i\000t\000m\000a\000p\000\137\000c\000o\000p\000y}{subsection.15.28.4}
\BOOKMARK [3][-]{subsubsection.15.28.4.12}{\376\377\000h\000w\000l\000o\000c\000\137\000b\000i\000t\000m\000a\000p\000\137\000d\000u\000p}{subsection.15.28.4}
\BOOKMARK [3][-]{subsubsection.15.28.4.13}{\376\377\000h\000w\000l\000o\000c\000\137\000b\000i\000t\000m\000a\000p\000\137\000f\000i\000l\000l}{subsection.15.28.4}
\BOOKMARK [3][-]{subsubsection.15.28.4.14}{\376\377\000h\000w\000l\000o\000c\000\137\000b\000i\000t\000m\000a\000p\000\137\000f\000i\000r\000s\000t}{subsection.15.28.4}
\BOOKMARK [3][-]{subsubsection.15.28.4.15}{\376\377\000h\000w\000l\000o\000c\000\137\000b\000i\000t\000m\000a\000p\000\137\000f\000r\000e\000e}{subsection.15.28.4}
\BOOKMARK [3][-]{subsubsection.15.28.4.16}{\376\377\000h\000w\000l\000o\000c\000\137\000b\000i\000t\000m\000a\000p\000\137\000f\000r\000o\000m\000\137\000i\000t\000h\000\137\000u\000l\000o\000n\000g}{subsection.15.28.4}
\BOOKMARK [3][-]{subsubsection.15.28.4.17}{\376\377\000h\000w\000l\000o\000c\000\137\000b\000i\000t\000m\000a\000p\000\137\000f\000r\000o\000m\000\137\000u\000l\000o\000n\000g}{subsection.15.28.4}
\BOOKMARK [3][-]{subsubsection.15.28.4.18}{\376\377\000h\000w\000l\000o\000c\000\137\000b\000i\000t\000m\000a\000p\000\137\000i\000n\000t\000e\000r\000s\000e\000c\000t\000s}{subsection.15.28.4}
\BOOKMARK [3][-]{subsubsection.15.28.4.19}{\376\377\000h\000w\000l\000o\000c\000\137\000b\000i\000t\000m\000a\000p\000\137\000i\000s\000e\000q\000u\000a\000l}{subsection.15.28.4}
\BOOKMARK [3][-]{subsubsection.15.28.4.20}{\376\377\000h\000w\000l\000o\000c\000\137\000b\000i\000t\000m\000a\000p\000\137\000i\000s\000f\000u\000l\000l}{subsection.15.28.4}
\BOOKMARK [3][-]{subsubsection.15.28.4.21}{\376\377\000h\000w\000l\000o\000c\000\137\000b\000i\000t\000m\000a\000p\000\137\000i\000s\000i\000n\000c\000l\000u\000d\000e\000d}{subsection.15.28.4}
\BOOKMARK [3][-]{subsubsection.15.28.4.22}{\376\377\000h\000w\000l\000o\000c\000\137\000b\000i\000t\000m\000a\000p\000\137\000i\000s\000s\000e\000t}{subsection.15.28.4}
\BOOKMARK [3][-]{subsubsection.15.28.4.23}{\376\377\000h\000w\000l\000o\000c\000\137\000b\000i\000t\000m\000a\000p\000\137\000i\000s\000z\000e\000r\000o}{subsection.15.28.4}
\BOOKMARK [3][-]{subsubsection.15.28.4.24}{\376\377\000h\000w\000l\000o\000c\000\137\000b\000i\000t\000m\000a\000p\000\137\000l\000a\000s\000t}{subsection.15.28.4}
\BOOKMARK [3][-]{subsubsection.15.28.4.25}{\376\377\000h\000w\000l\000o\000c\000\137\000b\000i\000t\000m\000a\000p\000\137\000l\000i\000s\000t\000\137\000a\000s\000p\000r\000i\000n\000t\000f}{subsection.15.28.4}
\BOOKMARK [3][-]{subsubsection.15.28.4.26}{\376\377\000h\000w\000l\000o\000c\000\137\000b\000i\000t\000m\000a\000p\000\137\000l\000i\000s\000t\000\137\000s\000n\000p\000r\000i\000n\000t\000f}{subsection.15.28.4}
\BOOKMARK [3][-]{subsubsection.15.28.4.27}{\376\377\000h\000w\000l\000o\000c\000\137\000b\000i\000t\000m\000a\000p\000\137\000l\000i\000s\000t\000\137\000s\000s\000c\000a\000n\000f}{subsection.15.28.4}
\BOOKMARK [3][-]{subsubsection.15.28.4.28}{\376\377\000h\000w\000l\000o\000c\000\137\000b\000i\000t\000m\000a\000p\000\137\000n\000e\000x\000t}{subsection.15.28.4}
\BOOKMARK [3][-]{subsubsection.15.28.4.29}{\376\377\000h\000w\000l\000o\000c\000\137\000b\000i\000t\000m\000a\000p\000\137\000n\000o\000t}{subsection.15.28.4}
\BOOKMARK [3][-]{subsubsection.15.28.4.30}{\376\377\000h\000w\000l\000o\000c\000\137\000b\000i\000t\000m\000a\000p\000\137\000o\000n\000l\000y}{subsection.15.28.4}
\BOOKMARK [3][-]{subsubsection.15.28.4.31}{\376\377\000h\000w\000l\000o\000c\000\137\000b\000i\000t\000m\000a\000p\000\137\000o\000r}{subsection.15.28.4}
\BOOKMARK [3][-]{subsubsection.15.28.4.32}{\376\377\000h\000w\000l\000o\000c\000\137\000b\000i\000t\000m\000a\000p\000\137\000s\000e\000t}{subsection.15.28.4}
\BOOKMARK [3][-]{subsubsection.15.28.4.33}{\376\377\000h\000w\000l\000o\000c\000\137\000b\000i\000t\000m\000a\000p\000\137\000s\000e\000t\000\137\000i\000t\000h\000\137\000u\000l\000o\000n\000g}{subsection.15.28.4}
\BOOKMARK [3][-]{subsubsection.15.28.4.34}{\376\377\000h\000w\000l\000o\000c\000\137\000b\000i\000t\000m\000a\000p\000\137\000s\000e\000t\000\137\000r\000a\000n\000g\000e}{subsection.15.28.4}
\BOOKMARK [3][-]{subsubsection.15.28.4.35}{\376\377\000h\000w\000l\000o\000c\000\137\000b\000i\000t\000m\000a\000p\000\137\000s\000i\000n\000g\000l\000i\000f\000y}{subsection.15.28.4}
\BOOKMARK [3][-]{subsubsection.15.28.4.36}{\376\377\000h\000w\000l\000o\000c\000\137\000b\000i\000t\000m\000a\000p\000\137\000s\000n\000p\000r\000i\000n\000t\000f}{subsection.15.28.4}
\BOOKMARK [3][-]{subsubsection.15.28.4.37}{\376\377\000h\000w\000l\000o\000c\000\137\000b\000i\000t\000m\000a\000p\000\137\000s\000s\000c\000a\000n\000f}{subsection.15.28.4}
\BOOKMARK [3][-]{subsubsection.15.28.4.38}{\376\377\000h\000w\000l\000o\000c\000\137\000b\000i\000t\000m\000a\000p\000\137\000t\000a\000s\000k\000s\000e\000t\000\137\000a\000s\000p\000r\000i\000n\000t\000f}{subsection.15.28.4}
\BOOKMARK [3][-]{subsubsection.15.28.4.39}{\376\377\000h\000w\000l\000o\000c\000\137\000b\000i\000t\000m\000a\000p\000\137\000t\000a\000s\000k\000s\000e\000t\000\137\000s\000n\000p\000r\000i\000n\000t\000f}{subsection.15.28.4}
\BOOKMARK [3][-]{subsubsection.15.28.4.40}{\376\377\000h\000w\000l\000o\000c\000\137\000b\000i\000t\000m\000a\000p\000\137\000t\000a\000s\000k\000s\000e\000t\000\137\000s\000s\000c\000a\000n\000f}{subsection.15.28.4}
\BOOKMARK [3][-]{subsubsection.15.28.4.41}{\376\377\000h\000w\000l\000o\000c\000\137\000b\000i\000t\000m\000a\000p\000\137\000t\000o\000\137\000i\000t\000h\000\137\000u\000l\000o\000n\000g}{subsection.15.28.4}
\BOOKMARK [3][-]{subsubsection.15.28.4.42}{\376\377\000h\000w\000l\000o\000c\000\137\000b\000i\000t\000m\000a\000p\000\137\000t\000o\000\137\000u\000l\000o\000n\000g}{subsection.15.28.4}
\BOOKMARK [3][-]{subsubsection.15.28.4.43}{\376\377\000h\000w\000l\000o\000c\000\137\000b\000i\000t\000m\000a\000p\000\137\000w\000e\000i\000g\000h\000t}{subsection.15.28.4}
\BOOKMARK [3][-]{subsubsection.15.28.4.44}{\376\377\000h\000w\000l\000o\000c\000\137\000b\000i\000t\000m\000a\000p\000\137\000x\000o\000r}{subsection.15.28.4}
\BOOKMARK [3][-]{subsubsection.15.28.4.45}{\376\377\000h\000w\000l\000o\000c\000\137\000b\000i\000t\000m\000a\000p\000\137\000z\000e\000r\000o}{subsection.15.28.4}
\BOOKMARK [1][-]{section.15.29}{\376\377\000H\000e\000l\000p\000e\000r\000s\000\040\000f\000o\000r\000\040\000m\000a\000n\000i\000p\000u\000l\000a\000t\000i\000n\000g\000\040\000g\000l\000i\000b\000c\000\040\000s\000c\000h\000e\000d\000\040\000a\000f\000f\000i\000n\000i\000t\000y}{chapter.15}
\BOOKMARK [2][-]{subsection.15.29.1}{\376\377\000F\000u\000n\000c\000t\000i\000o\000n\000\040\000D\000o\000c\000u\000m\000e\000n\000t\000a\000t\000i\000o\000n}{section.15.29}
\BOOKMARK [3][-]{subsubsection.15.29.1.1}{\376\377\000h\000w\000l\000o\000c\000\137\000c\000p\000u\000s\000e\000t\000\137\000f\000r\000o\000m\000\137\000g\000l\000i\000b\000c\000\137\000s\000c\000h\000e\000d\000\137\000a\000f\000f\000i\000n\000i\000t\000y}{subsection.15.29.1}
\BOOKMARK [3][-]{subsubsection.15.29.1.2}{\376\377\000h\000w\000l\000o\000c\000\137\000c\000p\000u\000s\000e\000t\000\137\000t\000o\000\137\000g\000l\000i\000b\000c\000\137\000s\000c\000h\000e\000d\000\137\000a\000f\000f\000i\000n\000i\000t\000y}{subsection.15.29.1}
\BOOKMARK [1][-]{section.15.30}{\376\377\000L\000i\000n\000u\000x\000-\000o\000n\000l\000y\000\040\000h\000e\000l\000p\000e\000r\000s}{chapter.15}
\BOOKMARK [2][-]{subsection.15.30.1}{\376\377\000D\000e\000t\000a\000i\000l\000e\000d\000\040\000D\000e\000s\000c\000r\000i\000p\000t\000i\000o\000n}{section.15.30}
\BOOKMARK [2][-]{subsection.15.30.2}{\376\377\000F\000u\000n\000c\000t\000i\000o\000n\000\040\000D\000o\000c\000u\000m\000e\000n\000t\000a\000t\000i\000o\000n}{section.15.30}
\BOOKMARK [3][-]{subsubsection.15.30.2.1}{\376\377\000h\000w\000l\000o\000c\000\137\000l\000i\000n\000u\000x\000\137\000g\000e\000t\000\137\000t\000i\000d\000\137\000c\000p\000u\000b\000i\000n\000d}{subsection.15.30.2}
\BOOKMARK [3][-]{subsubsection.15.30.2.2}{\376\377\000h\000w\000l\000o\000c\000\137\000l\000i\000n\000u\000x\000\137\000p\000a\000r\000s\000e\000\137\000c\000p\000u\000m\000a\000p\000\137\000f\000i\000l\000e}{subsection.15.30.2}
\BOOKMARK [3][-]{subsubsection.15.30.2.3}{\376\377\000h\000w\000l\000o\000c\000\137\000l\000i\000n\000u\000x\000\137\000s\000e\000t\000\137\000t\000i\000d\000\137\000c\000p\000u\000b\000i\000n\000d}{subsection.15.30.2}
\BOOKMARK [1][-]{section.15.31}{\376\377\000H\000e\000l\000p\000e\000r\000s\000\040\000f\000o\000r\000\040\000m\000a\000n\000i\000p\000u\000l\000a\000t\000i\000n\000g\000\040\000L\000i\000n\000u\000x\000\040\000l\000i\000b\000n\000u\000m\000a\000\040\000u\000n\000s\000i\000g\000n\000e\000d\000\040\000l\000o\000n\000g\000\040\000m\000a\000s\000k\000s}{chapter.15}
\BOOKMARK [2][-]{subsection.15.31.1}{\376\377\000F\000u\000n\000c\000t\000i\000o\000n\000\040\000D\000o\000c\000u\000m\000e\000n\000t\000a\000t\000i\000o\000n}{section.15.31}
\BOOKMARK [3][-]{subsubsection.15.31.1.1}{\376\377\000h\000w\000l\000o\000c\000\137\000c\000p\000u\000s\000e\000t\000\137\000f\000r\000o\000m\000\137\000l\000i\000n\000u\000x\000\137\000l\000i\000b\000n\000u\000m\000a\000\137\000u\000l\000o\000n\000g\000s}{subsection.15.31.1}
\BOOKMARK [3][-]{subsubsection.15.31.1.2}{\376\377\000h\000w\000l\000o\000c\000\137\000c\000p\000u\000s\000e\000t\000\137\000t\000o\000\137\000l\000i\000n\000u\000x\000\137\000l\000i\000b\000n\000u\000m\000a\000\137\000u\000l\000o\000n\000g\000s}{subsection.15.31.1}
\BOOKMARK [3][-]{subsubsection.15.31.1.3}{\376\377\000h\000w\000l\000o\000c\000\137\000n\000o\000d\000e\000s\000e\000t\000\137\000f\000r\000o\000m\000\137\000l\000i\000n\000u\000x\000\137\000l\000i\000b\000n\000u\000m\000a\000\137\000u\000l\000o\000n\000g\000s}{subsection.15.31.1}
\BOOKMARK [3][-]{subsubsection.15.31.1.4}{\376\377\000h\000w\000l\000o\000c\000\137\000n\000o\000d\000e\000s\000e\000t\000\137\000t\000o\000\137\000l\000i\000n\000u\000x\000\137\000l\000i\000b\000n\000u\000m\000a\000\137\000u\000l\000o\000n\000g\000s}{subsection.15.31.1}
\BOOKMARK [1][-]{section.15.32}{\376\377\000H\000e\000l\000p\000e\000r\000s\000\040\000f\000o\000r\000\040\000m\000a\000n\000i\000p\000u\000l\000a\000t\000i\000n\000g\000\040\000L\000i\000n\000u\000x\000\040\000l\000i\000b\000n\000u\000m\000a\000\040\000b\000i\000t\000m\000a\000s\000k}{chapter.15}
\BOOKMARK [2][-]{subsection.15.32.1}{\376\377\000F\000u\000n\000c\000t\000i\000o\000n\000\040\000D\000o\000c\000u\000m\000e\000n\000t\000a\000t\000i\000o\000n}{section.15.32}
\BOOKMARK [3][-]{subsubsection.15.32.1.1}{\376\377\000h\000w\000l\000o\000c\000\137\000c\000p\000u\000s\000e\000t\000\137\000f\000r\000o\000m\000\137\000l\000i\000n\000u\000x\000\137\000l\000i\000b\000n\000u\000m\000a\000\137\000b\000i\000t\000m\000a\000s\000k}{subsection.15.32.1}
\BOOKMARK [3][-]{subsubsection.15.32.1.2}{\376\377\000h\000w\000l\000o\000c\000\137\000c\000p\000u\000s\000e\000t\000\137\000t\000o\000\137\000l\000i\000n\000u\000x\000\137\000l\000i\000b\000n\000u\000m\000a\000\137\000b\000i\000t\000m\000a\000s\000k}{subsection.15.32.1}
\BOOKMARK [3][-]{subsubsection.15.32.1.3}{\376\377\000h\000w\000l\000o\000c\000\137\000n\000o\000d\000e\000s\000e\000t\000\137\000f\000r\000o\000m\000\137\000l\000i\000n\000u\000x\000\137\000l\000i\000b\000n\000u\000m\000a\000\137\000b\000i\000t\000m\000a\000s\000k}{subsection.15.32.1}
\BOOKMARK [3][-]{subsubsection.15.32.1.4}{\376\377\000h\000w\000l\000o\000c\000\137\000n\000o\000d\000e\000s\000e\000t\000\137\000t\000o\000\137\000l\000i\000n\000u\000x\000\137\000l\000i\000b\000n\000u\000m\000a\000\137\000b\000i\000t\000m\000a\000s\000k}{subsection.15.32.1}
\BOOKMARK [1][-]{section.15.33}{\376\377\000C\000U\000D\000A\000\040\000D\000r\000i\000v\000e\000r\000\040\000A\000P\000I\000\040\000S\000p\000e\000c\000i\000f\000i\000c\000\040\000F\000u\000n\000c\000t\000i\000o\000n\000s}{chapter.15}
\BOOKMARK [2][-]{subsection.15.33.1}{\376\377\000F\000u\000n\000c\000t\000i\000o\000n\000\040\000D\000o\000c\000u\000m\000e\000n\000t\000a\000t\000i\000o\000n}{section.15.33}
\BOOKMARK [3][-]{subsubsection.15.33.1.1}{\376\377\000h\000w\000l\000o\000c\000\137\000c\000u\000d\000a\000\137\000g\000e\000t\000\137\000d\000e\000v\000i\000c\000e\000\137\000c\000p\000u\000s\000e\000t}{subsection.15.33.1}
\BOOKMARK [3][-]{subsubsection.15.33.1.2}{\376\377\000h\000w\000l\000o\000c\000\137\000c\000u\000d\000a\000\137\000g\000e\000t\000\137\000d\000e\000v\000i\000c\000e\000\137\000p\000c\000i\000\137\000i\000d\000s}{subsection.15.33.1}
\BOOKMARK [3][-]{subsubsection.15.33.1.3}{\376\377\000h\000w\000l\000o\000c\000\137\000c\000u\000d\000a\000\137\000g\000e\000t\000\137\000d\000e\000v\000i\000c\000e\000\137\000p\000c\000i\000d\000e\000v}{subsection.15.33.1}
\BOOKMARK [1][-]{section.15.34}{\376\377\000C\000U\000D\000A\000\040\000R\000u\000n\000t\000i\000m\000e\000\040\000A\000P\000I\000\040\000S\000p\000e\000c\000i\000f\000i\000c\000\040\000F\000u\000n\000c\000t\000i\000o\000n\000s}{chapter.15}
\BOOKMARK [2][-]{subsection.15.34.1}{\376\377\000F\000u\000n\000c\000t\000i\000o\000n\000\040\000D\000o\000c\000u\000m\000e\000n\000t\000a\000t\000i\000o\000n}{section.15.34}
\BOOKMARK [3][-]{subsubsection.15.34.1.1}{\376\377\000h\000w\000l\000o\000c\000\137\000c\000u\000d\000a\000r\000t\000\137\000g\000e\000t\000\137\000d\000e\000v\000i\000c\000e\000\137\000c\000p\000u\000s\000e\000t}{subsection.15.34.1}
\BOOKMARK [3][-]{subsubsection.15.34.1.2}{\376\377\000h\000w\000l\000o\000c\000\137\000c\000u\000d\000a\000r\000t\000\137\000g\000e\000t\000\137\000d\000e\000v\000i\000c\000e\000\137\000p\000c\000i\000\137\000i\000d\000s}{subsection.15.34.1}
\BOOKMARK [3][-]{subsubsection.15.34.1.3}{\376\377\000h\000w\000l\000o\000c\000\137\000c\000u\000d\000a\000r\000t\000\137\000g\000e\000t\000\137\000d\000e\000v\000i\000c\000e\000\137\000p\000c\000i\000d\000e\000v}{subsection.15.34.1}
\BOOKMARK [1][-]{section.15.35}{\376\377\000O\000p\000e\000n\000F\000a\000b\000r\000i\000c\000s\000-\000S\000p\000e\000c\000i\000f\000i\000c\000\040\000F\000u\000n\000c\000t\000i\000o\000n\000s}{chapter.15}
\BOOKMARK [2][-]{subsection.15.35.1}{\376\377\000F\000u\000n\000c\000t\000i\000o\000n\000\040\000D\000o\000c\000u\000m\000e\000n\000t\000a\000t\000i\000o\000n}{section.15.35}
\BOOKMARK [3][-]{subsubsection.15.35.1.1}{\376\377\000h\000w\000l\000o\000c\000\137\000i\000b\000v\000\137\000g\000e\000t\000\137\000d\000e\000v\000i\000c\000e\000\137\000c\000p\000u\000s\000e\000t}{subsection.15.35.1}
\BOOKMARK [3][-]{subsubsection.15.35.1.2}{\376\377\000h\000w\000l\000o\000c\000\137\000i\000b\000v\000\137\000g\000e\000t\000\137\000d\000e\000v\000i\000c\000e\000\137\000o\000s\000d\000e\000v\000\137\000b\000y\000\137\000n\000a\000m\000e}{subsection.15.35.1}
\BOOKMARK [1][-]{section.15.36}{\376\377\000M\000y\000r\000i\000n\000e\000t\000\040\000E\000x\000p\000r\000e\000s\000s\000-\000S\000p\000e\000c\000i\000f\000i\000c\000\040\000F\000u\000n\000c\000t\000i\000o\000n\000s}{chapter.15}
\BOOKMARK [2][-]{subsection.15.36.1}{\376\377\000F\000u\000n\000c\000t\000i\000o\000n\000\040\000D\000o\000c\000u\000m\000e\000n\000t\000a\000t\000i\000o\000n}{section.15.36}
\BOOKMARK [3][-]{subsubsection.15.36.1.1}{\376\377\000h\000w\000l\000o\000c\000\137\000m\000x\000\137\000b\000o\000a\000r\000d\000\137\000g\000e\000t\000\137\000d\000e\000v\000i\000c\000e\000\137\000c\000p\000u\000s\000e\000t}{subsection.15.36.1}
\BOOKMARK [3][-]{subsubsection.15.36.1.2}{\376\377\000h\000w\000l\000o\000c\000\137\000m\000x\000\137\000e\000n\000d\000p\000o\000i\000n\000t\000\137\000g\000e\000t\000\137\000d\000e\000v\000i\000c\000e\000\137\000c\000p\000u\000s\000e\000t}{subsection.15.36.1}
\BOOKMARK [0][-]{chapter.16}{\376\377\000D\000a\000t\000a\000\040\000S\000t\000r\000u\000c\000t\000u\000r\000e\000\040\000D\000o\000c\000u\000m\000e\000n\000t\000a\000t\000i\000o\000n}{}
\BOOKMARK [1][-]{section.16.1}{\376\377\000h\000w\000l\000o\000c\000\137\000o\000b\000j\000\137\000a\000t\000t\000r\000\137\000u\000:\000:\000h\000w\000l\000o\000c\000\137\000b\000r\000i\000d\000g\000e\000\137\000a\000t\000t\000r\000\137\000s\000\040\000S\000t\000r\000u\000c\000t\000\040\000R\000e\000f\000e\000r\000e\000n\000c\000e}{chapter.16}
\BOOKMARK [2][-]{subsection.16.1.1}{\376\377\000D\000e\000t\000a\000i\000l\000e\000d\000\040\000D\000e\000s\000c\000r\000i\000p\000t\000i\000o\000n}{section.16.1}
\BOOKMARK [2][-]{subsection.16.1.2}{\376\377\000F\000i\000e\000l\000d\000\040\000D\000o\000c\000u\000m\000e\000n\000t\000a\000t\000i\000o\000n}{section.16.1}
\BOOKMARK [3][-]{subsubsection.16.1.2.1}{\376\377\000d\000e\000p\000t\000h}{subsection.16.1.2}
\BOOKMARK [3][-]{subsubsection.16.1.2.2}{\376\377\000d\000o\000m\000a\000i\000n}{subsection.16.1.2}
\BOOKMARK [3][-]{subsubsection.16.1.2.3}{\376\377\000d\000o\000w\000n\000s\000t\000r\000e\000a\000m}{subsection.16.1.2}
\BOOKMARK [3][-]{subsubsection.16.1.2.4}{\376\377\000d\000o\000w\000n\000s\000t\000r\000e\000a\000m\000\137\000t\000y\000p\000e}{subsection.16.1.2}
\BOOKMARK [3][-]{subsubsection.16.1.2.5}{\376\377\000p\000c\000i}{subsection.16.1.2}
\BOOKMARK [3][-]{subsubsection.16.1.2.6}{\376\377\000p\000c\000i}{subsection.16.1.2}
\BOOKMARK [3][-]{subsubsection.16.1.2.7}{\376\377\000s\000e\000c\000o\000n\000d\000a\000r\000y\000\137\000b\000u\000s}{subsection.16.1.2}
\BOOKMARK [3][-]{subsubsection.16.1.2.8}{\376\377\000s\000u\000b\000o\000r\000d\000i\000n\000a\000t\000e\000\137\000b\000u\000s}{subsection.16.1.2}
\BOOKMARK [3][-]{subsubsection.16.1.2.9}{\376\377\000u\000p\000s\000t\000r\000e\000a\000m}{subsection.16.1.2}
\BOOKMARK [3][-]{subsubsection.16.1.2.10}{\376\377\000u\000p\000s\000t\000r\000e\000a\000m\000\137\000t\000y\000p\000e}{subsection.16.1.2}
\BOOKMARK [1][-]{section.16.2}{\376\377\000h\000w\000l\000o\000c\000\137\000o\000b\000j\000\137\000a\000t\000t\000r\000\137\000u\000:\000:\000h\000w\000l\000o\000c\000\137\000c\000a\000c\000h\000e\000\137\000a\000t\000t\000r\000\137\000s\000\040\000S\000t\000r\000u\000c\000t\000\040\000R\000e\000f\000e\000r\000e\000n\000c\000e}{chapter.16}
\BOOKMARK [2][-]{subsection.16.2.1}{\376\377\000D\000e\000t\000a\000i\000l\000e\000d\000\040\000D\000e\000s\000c\000r\000i\000p\000t\000i\000o\000n}{section.16.2}
\BOOKMARK [2][-]{subsection.16.2.2}{\376\377\000F\000i\000e\000l\000d\000\040\000D\000o\000c\000u\000m\000e\000n\000t\000a\000t\000i\000o\000n}{section.16.2}
\BOOKMARK [3][-]{subsubsection.16.2.2.1}{\376\377\000a\000s\000s\000o\000c\000i\000a\000t\000i\000v\000i\000t\000y}{subsection.16.2.2}
\BOOKMARK [3][-]{subsubsection.16.2.2.2}{\376\377\000d\000e\000p\000t\000h}{subsection.16.2.2}
\BOOKMARK [3][-]{subsubsection.16.2.2.3}{\376\377\000l\000i\000n\000e\000s\000i\000z\000e}{subsection.16.2.2}
\BOOKMARK [3][-]{subsubsection.16.2.2.4}{\376\377\000s\000i\000z\000e}{subsection.16.2.2}
\BOOKMARK [3][-]{subsubsection.16.2.2.5}{\376\377\000t\000y\000p\000e}{subsection.16.2.2}
\BOOKMARK [1][-]{section.16.3}{\376\377\000h\000w\000l\000o\000c\000\137\000d\000i\000s\000t\000a\000n\000c\000e\000s\000\137\000s\000\040\000S\000t\000r\000u\000c\000t\000\040\000R\000e\000f\000e\000r\000e\000n\000c\000e}{chapter.16}
\BOOKMARK [2][-]{subsection.16.3.1}{\376\377\000D\000e\000t\000a\000i\000l\000e\000d\000\040\000D\000e\000s\000c\000r\000i\000p\000t\000i\000o\000n}{section.16.3}
\BOOKMARK [2][-]{subsection.16.3.2}{\376\377\000F\000i\000e\000l\000d\000\040\000D\000o\000c\000u\000m\000e\000n\000t\000a\000t\000i\000o\000n}{section.16.3}
\BOOKMARK [3][-]{subsubsection.16.3.2.1}{\376\377\000l\000a\000t\000e\000n\000c\000y}{subsection.16.3.2}
\BOOKMARK [3][-]{subsubsection.16.3.2.2}{\376\377\000l\000a\000t\000e\000n\000c\000y\000\137\000b\000a\000s\000e}{subsection.16.3.2}
\BOOKMARK [3][-]{subsubsection.16.3.2.3}{\376\377\000l\000a\000t\000e\000n\000c\000y\000\137\000m\000a\000x}{subsection.16.3.2}
\BOOKMARK [3][-]{subsubsection.16.3.2.4}{\376\377\000n\000b\000o\000b\000j\000s}{subsection.16.3.2}
\BOOKMARK [3][-]{subsubsection.16.3.2.5}{\376\377\000r\000e\000l\000a\000t\000i\000v\000e\000\137\000d\000e\000p\000t\000h}{subsection.16.3.2}
\BOOKMARK [1][-]{section.16.4}{\376\377\000h\000w\000l\000o\000c\000\137\000o\000b\000j\000\137\000a\000t\000t\000r\000\137\000u\000:\000:\000h\000w\000l\000o\000c\000\137\000g\000r\000o\000u\000p\000\137\000a\000t\000t\000r\000\137\000s\000\040\000S\000t\000r\000u\000c\000t\000\040\000R\000e\000f\000e\000r\000e\000n\000c\000e}{chapter.16}
\BOOKMARK [2][-]{subsection.16.4.1}{\376\377\000D\000e\000t\000a\000i\000l\000e\000d\000\040\000D\000e\000s\000c\000r\000i\000p\000t\000i\000o\000n}{section.16.4}
\BOOKMARK [2][-]{subsection.16.4.2}{\376\377\000F\000i\000e\000l\000d\000\040\000D\000o\000c\000u\000m\000e\000n\000t\000a\000t\000i\000o\000n}{section.16.4}
\BOOKMARK [3][-]{subsubsection.16.4.2.1}{\376\377\000d\000e\000p\000t\000h}{subsection.16.4.2}
\BOOKMARK [1][-]{section.16.5}{\376\377\000h\000w\000l\000o\000c\000\137\000o\000b\000j\000\040\000S\000t\000r\000u\000c\000t\000\040\000R\000e\000f\000e\000r\000e\000n\000c\000e}{chapter.16}
\BOOKMARK [2][-]{subsection.16.5.1}{\376\377\000D\000e\000t\000a\000i\000l\000e\000d\000\040\000D\000e\000s\000c\000r\000i\000p\000t\000i\000o\000n}{section.16.5}
\BOOKMARK [2][-]{subsection.16.5.2}{\376\377\000F\000i\000e\000l\000d\000\040\000D\000o\000c\000u\000m\000e\000n\000t\000a\000t\000i\000o\000n}{section.16.5}
\BOOKMARK [3][-]{subsubsection.16.5.2.1}{\376\377\000a\000l\000l\000o\000w\000e\000d\000\137\000c\000p\000u\000s\000e\000t}{subsection.16.5.2}
\BOOKMARK [3][-]{subsubsection.16.5.2.2}{\376\377\000a\000l\000l\000o\000w\000e\000d\000\137\000n\000o\000d\000e\000s\000e\000t}{subsection.16.5.2}
\BOOKMARK [3][-]{subsubsection.16.5.2.3}{\376\377\000a\000r\000i\000t\000y}{subsection.16.5.2}
\BOOKMARK [3][-]{subsubsection.16.5.2.4}{\376\377\000a\000t\000t\000r}{subsection.16.5.2}
\BOOKMARK [3][-]{subsubsection.16.5.2.5}{\376\377\000c\000h\000i\000l\000d\000r\000e\000n}{subsection.16.5.2}
\BOOKMARK [3][-]{subsubsection.16.5.2.6}{\376\377\000c\000o\000m\000p\000l\000e\000t\000e\000\137\000c\000p\000u\000s\000e\000t}{subsection.16.5.2}
\BOOKMARK [3][-]{subsubsection.16.5.2.7}{\376\377\000c\000o\000m\000p\000l\000e\000t\000e\000\137\000n\000o\000d\000e\000s\000e\000t}{subsection.16.5.2}
\BOOKMARK [3][-]{subsubsection.16.5.2.8}{\376\377\000c\000p\000u\000s\000e\000t}{subsection.16.5.2}
\BOOKMARK [3][-]{subsubsection.16.5.2.9}{\376\377\000d\000e\000p\000t\000h}{subsection.16.5.2}
\BOOKMARK [3][-]{subsubsection.16.5.2.10}{\376\377\000d\000i\000s\000t\000a\000n\000c\000e\000s}{subsection.16.5.2}
\BOOKMARK [3][-]{subsubsection.16.5.2.11}{\376\377\000d\000i\000s\000t\000a\000n\000c\000e\000s\000\137\000c\000o\000u\000n\000t}{subsection.16.5.2}
\BOOKMARK [3][-]{subsubsection.16.5.2.12}{\376\377\000f\000i\000r\000s\000t\000\137\000c\000h\000i\000l\000d}{subsection.16.5.2}
\BOOKMARK [3][-]{subsubsection.16.5.2.13}{\376\377\000i\000n\000f\000o\000s}{subsection.16.5.2}
\BOOKMARK [3][-]{subsubsection.16.5.2.14}{\376\377\000i\000n\000f\000o\000s\000\137\000c\000o\000u\000n\000t}{subsection.16.5.2}
\BOOKMARK [3][-]{subsubsection.16.5.2.15}{\376\377\000l\000a\000s\000t\000\137\000c\000h\000i\000l\000d}{subsection.16.5.2}
\BOOKMARK [3][-]{subsubsection.16.5.2.16}{\376\377\000l\000o\000g\000i\000c\000a\000l\000\137\000i\000n\000d\000e\000x}{subsection.16.5.2}
\BOOKMARK [3][-]{subsubsection.16.5.2.17}{\376\377\000m\000e\000m\000o\000r\000y}{subsection.16.5.2}
\BOOKMARK [3][-]{subsubsection.16.5.2.18}{\376\377\000n\000a\000m\000e}{subsection.16.5.2}
\BOOKMARK [3][-]{subsubsection.16.5.2.19}{\376\377\000n\000e\000x\000t\000\137\000c\000o\000u\000s\000i\000n}{subsection.16.5.2}
\BOOKMARK [3][-]{subsubsection.16.5.2.20}{\376\377\000n\000e\000x\000t\000\137\000s\000i\000b\000l\000i\000n\000g}{subsection.16.5.2}
\BOOKMARK [3][-]{subsubsection.16.5.2.21}{\376\377\000n\000o\000d\000e\000s\000e\000t}{subsection.16.5.2}
\BOOKMARK [3][-]{subsubsection.16.5.2.22}{\376\377\000o\000n\000l\000i\000n\000e\000\137\000c\000p\000u\000s\000e\000t}{subsection.16.5.2}
\BOOKMARK [3][-]{subsubsection.16.5.2.23}{\376\377\000o\000s\000\137\000i\000n\000d\000e\000x}{subsection.16.5.2}
\BOOKMARK [3][-]{subsubsection.16.5.2.24}{\376\377\000o\000s\000\137\000l\000e\000v\000e\000l}{subsection.16.5.2}
\BOOKMARK [3][-]{subsubsection.16.5.2.25}{\376\377\000p\000a\000r\000e\000n\000t}{subsection.16.5.2}
\BOOKMARK [3][-]{subsubsection.16.5.2.26}{\376\377\000p\000r\000e\000v\000\137\000c\000o\000u\000s\000i\000n}{subsection.16.5.2}
\BOOKMARK [3][-]{subsubsection.16.5.2.27}{\376\377\000p\000r\000e\000v\000\137\000s\000i\000b\000l\000i\000n\000g}{subsection.16.5.2}
\BOOKMARK [3][-]{subsubsection.16.5.2.28}{\376\377\000s\000i\000b\000l\000i\000n\000g\000\137\000r\000a\000n\000k}{subsection.16.5.2}
\BOOKMARK [3][-]{subsubsection.16.5.2.29}{\376\377\000s\000y\000m\000m\000e\000t\000r\000i\000c\000\137\000s\000u\000b\000t\000r\000e\000e}{subsection.16.5.2}
\BOOKMARK [3][-]{subsubsection.16.5.2.30}{\376\377\000t\000y\000p\000e}{subsection.16.5.2}
\BOOKMARK [3][-]{subsubsection.16.5.2.31}{\376\377\000u\000s\000e\000r\000d\000a\000t\000a}{subsection.16.5.2}
\BOOKMARK [1][-]{section.16.6}{\376\377\000h\000w\000l\000o\000c\000\137\000o\000b\000j\000\137\000a\000t\000t\000r\000\137\000u\000\040\000U\000n\000i\000o\000n\000\040\000R\000e\000f\000e\000r\000e\000n\000c\000e}{chapter.16}
\BOOKMARK [2][-]{subsection.16.6.1}{\376\377\000D\000e\000t\000a\000i\000l\000e\000d\000\040\000D\000e\000s\000c\000r\000i\000p\000t\000i\000o\000n}{section.16.6}
\BOOKMARK [2][-]{subsection.16.6.2}{\376\377\000F\000i\000e\000l\000d\000\040\000D\000o\000c\000u\000m\000e\000n\000t\000a\000t\000i\000o\000n}{section.16.6}
\BOOKMARK [3][-]{subsubsection.16.6.2.1}{\376\377\000b\000r\000i\000d\000g\000e}{subsection.16.6.2}
\BOOKMARK [3][-]{subsubsection.16.6.2.2}{\376\377\000c\000a\000c\000h\000e}{subsection.16.6.2}
\BOOKMARK [3][-]{subsubsection.16.6.2.3}{\376\377\000g\000r\000o\000u\000p}{subsection.16.6.2}
\BOOKMARK [3][-]{subsubsection.16.6.2.4}{\376\377\000o\000s\000d\000e\000v}{subsection.16.6.2}
\BOOKMARK [3][-]{subsubsection.16.6.2.5}{\376\377\000p\000c\000i\000d\000e\000v}{subsection.16.6.2}
\BOOKMARK [1][-]{section.16.7}{\376\377\000h\000w\000l\000o\000c\000\137\000o\000b\000j\000\137\000i\000n\000f\000o\000\137\000s\000\040\000S\000t\000r\000u\000c\000t\000\040\000R\000e\000f\000e\000r\000e\000n\000c\000e}{chapter.16}
\BOOKMARK [2][-]{subsection.16.7.1}{\376\377\000D\000e\000t\000a\000i\000l\000e\000d\000\040\000D\000e\000s\000c\000r\000i\000p\000t\000i\000o\000n}{section.16.7}
\BOOKMARK [2][-]{subsection.16.7.2}{\376\377\000F\000i\000e\000l\000d\000\040\000D\000o\000c\000u\000m\000e\000n\000t\000a\000t\000i\000o\000n}{section.16.7}
\BOOKMARK [3][-]{subsubsection.16.7.2.1}{\376\377\000n\000a\000m\000e}{subsection.16.7.2}
\BOOKMARK [3][-]{subsubsection.16.7.2.2}{\376\377\000v\000a\000l\000u\000e}{subsection.16.7.2}
\BOOKMARK [1][-]{section.16.8}{\376\377\000h\000w\000l\000o\000c\000\137\000o\000b\000j\000\137\000m\000e\000m\000o\000r\000y\000\137\000s\000:\000:\000h\000w\000l\000o\000c\000\137\000o\000b\000j\000\137\000m\000e\000m\000o\000r\000y\000\137\000p\000a\000g\000e\000\137\000t\000y\000p\000e\000\137\000s\000\040\000S\000t\000r\000u\000c\000t\000\040\000R\000e\000f\000e\000r\000e\000n\000c\000e}{chapter.16}
\BOOKMARK [2][-]{subsection.16.8.1}{\376\377\000D\000e\000t\000a\000i\000l\000e\000d\000\040\000D\000e\000s\000c\000r\000i\000p\000t\000i\000o\000n}{section.16.8}
\BOOKMARK [2][-]{subsection.16.8.2}{\376\377\000F\000i\000e\000l\000d\000\040\000D\000o\000c\000u\000m\000e\000n\000t\000a\000t\000i\000o\000n}{section.16.8}
\BOOKMARK [3][-]{subsubsection.16.8.2.1}{\376\377\000c\000o\000u\000n\000t}{subsection.16.8.2}
\BOOKMARK [3][-]{subsubsection.16.8.2.2}{\376\377\000s\000i\000z\000e}{subsection.16.8.2}
\BOOKMARK [1][-]{section.16.9}{\376\377\000h\000w\000l\000o\000c\000\137\000o\000b\000j\000\137\000m\000e\000m\000o\000r\000y\000\137\000s\000\040\000S\000t\000r\000u\000c\000t\000\040\000R\000e\000f\000e\000r\000e\000n\000c\000e}{chapter.16}
\BOOKMARK [2][-]{subsection.16.9.1}{\376\377\000D\000e\000t\000a\000i\000l\000e\000d\000\040\000D\000e\000s\000c\000r\000i\000p\000t\000i\000o\000n}{section.16.9}
\BOOKMARK [2][-]{subsection.16.9.2}{\376\377\000F\000i\000e\000l\000d\000\040\000D\000o\000c\000u\000m\000e\000n\000t\000a\000t\000i\000o\000n}{section.16.9}
\BOOKMARK [3][-]{subsubsection.16.9.2.1}{\376\377\000l\000o\000c\000a\000l\000\137\000m\000e\000m\000o\000r\000y}{subsection.16.9.2}
\BOOKMARK [3][-]{subsubsection.16.9.2.2}{\376\377\000p\000a\000g\000e\000\137\000t\000y\000p\000e\000s}{subsection.16.9.2}
\BOOKMARK [3][-]{subsubsection.16.9.2.3}{\376\377\000p\000a\000g\000e\000\137\000t\000y\000p\000e\000s\000\137\000l\000e\000n}{subsection.16.9.2}
\BOOKMARK [3][-]{subsubsection.16.9.2.4}{\376\377\000t\000o\000t\000a\000l\000\137\000m\000e\000m\000o\000r\000y}{subsection.16.9.2}
\BOOKMARK [1][-]{section.16.10}{\376\377\000h\000w\000l\000o\000c\000\137\000o\000b\000j\000\137\000a\000t\000t\000r\000\137\000u\000:\000:\000h\000w\000l\000o\000c\000\137\000o\000s\000d\000e\000v\000\137\000a\000t\000t\000r\000\137\000s\000\040\000S\000t\000r\000u\000c\000t\000\040\000R\000e\000f\000e\000r\000e\000n\000c\000e}{chapter.16}
\BOOKMARK [2][-]{subsection.16.10.1}{\376\377\000D\000e\000t\000a\000i\000l\000e\000d\000\040\000D\000e\000s\000c\000r\000i\000p\000t\000i\000o\000n}{section.16.10}
\BOOKMARK [2][-]{subsection.16.10.2}{\376\377\000F\000i\000e\000l\000d\000\040\000D\000o\000c\000u\000m\000e\000n\000t\000a\000t\000i\000o\000n}{section.16.10}
\BOOKMARK [3][-]{subsubsection.16.10.2.1}{\376\377\000t\000y\000p\000e}{subsection.16.10.2}
\BOOKMARK [1][-]{section.16.11}{\376\377\000h\000w\000l\000o\000c\000\137\000o\000b\000j\000\137\000a\000t\000t\000r\000\137\000u\000:\000:\000h\000w\000l\000o\000c\000\137\000p\000c\000i\000d\000e\000v\000\137\000a\000t\000t\000r\000\137\000s\000\040\000S\000t\000r\000u\000c\000t\000\040\000R\000e\000f\000e\000r\000e\000n\000c\000e}{chapter.16}
\BOOKMARK [2][-]{subsection.16.11.1}{\376\377\000D\000e\000t\000a\000i\000l\000e\000d\000\040\000D\000e\000s\000c\000r\000i\000p\000t\000i\000o\000n}{section.16.11}
\BOOKMARK [2][-]{subsection.16.11.2}{\376\377\000F\000i\000e\000l\000d\000\040\000D\000o\000c\000u\000m\000e\000n\000t\000a\000t\000i\000o\000n}{section.16.11}
\BOOKMARK [3][-]{subsubsection.16.11.2.1}{\376\377\000b\000u\000s}{subsection.16.11.2}
\BOOKMARK [3][-]{subsubsection.16.11.2.2}{\376\377\000c\000l\000a\000s\000s\000\137\000i\000d}{subsection.16.11.2}
\BOOKMARK [3][-]{subsubsection.16.11.2.3}{\376\377\000d\000e\000v}{subsection.16.11.2}
\BOOKMARK [3][-]{subsubsection.16.11.2.4}{\376\377\000d\000e\000v\000i\000c\000e\000\137\000i\000d}{subsection.16.11.2}
\BOOKMARK [3][-]{subsubsection.16.11.2.5}{\376\377\000d\000o\000m\000a\000i\000n}{subsection.16.11.2}
\BOOKMARK [3][-]{subsubsection.16.11.2.6}{\376\377\000f\000u\000n\000c}{subsection.16.11.2}
\BOOKMARK [3][-]{subsubsection.16.11.2.7}{\376\377\000l\000i\000n\000k\000s\000p\000e\000e\000d}{subsection.16.11.2}
\BOOKMARK [3][-]{subsubsection.16.11.2.8}{\376\377\000r\000e\000v\000i\000s\000i\000o\000n}{subsection.16.11.2}
\BOOKMARK [3][-]{subsubsection.16.11.2.9}{\376\377\000s\000u\000b\000d\000e\000v\000i\000c\000e\000\137\000i\000d}{subsection.16.11.2}
\BOOKMARK [3][-]{subsubsection.16.11.2.10}{\376\377\000s\000u\000b\000v\000e\000n\000d\000o\000r\000\137\000i\000d}{subsection.16.11.2}
\BOOKMARK [3][-]{subsubsection.16.11.2.11}{\376\377\000v\000e\000n\000d\000o\000r\000\137\000i\000d}{subsection.16.11.2}
\BOOKMARK [1][-]{section.16.12}{\376\377\000h\000w\000l\000o\000c\000\137\000t\000o\000p\000o\000l\000o\000g\000y\000\137\000c\000p\000u\000b\000i\000n\000d\000\137\000s\000u\000p\000p\000o\000r\000t\000\040\000S\000t\000r\000u\000c\000t\000\040\000R\000e\000f\000e\000r\000e\000n\000c\000e}{chapter.16}
\BOOKMARK [2][-]{subsection.16.12.1}{\376\377\000D\000e\000t\000a\000i\000l\000e\000d\000\040\000D\000e\000s\000c\000r\000i\000p\000t\000i\000o\000n}{section.16.12}
\BOOKMARK [2][-]{subsection.16.12.2}{\376\377\000F\000i\000e\000l\000d\000\040\000D\000o\000c\000u\000m\000e\000n\000t\000a\000t\000i\000o\000n}{section.16.12}
\BOOKMARK [3][-]{subsubsection.16.12.2.1}{\376\377\000g\000e\000t\000\137\000p\000r\000o\000c\000\137\000c\000p\000u\000b\000i\000n\000d}{subsection.16.12.2}
\BOOKMARK [3][-]{subsubsection.16.12.2.2}{\376\377\000g\000e\000t\000\137\000p\000r\000o\000c\000\137\000l\000a\000s\000t\000\137\000c\000p\000u\000\137\000l\000o\000c\000a\000t\000i\000o\000n}{subsection.16.12.2}
\BOOKMARK [3][-]{subsubsection.16.12.2.3}{\376\377\000g\000e\000t\000\137\000t\000h\000i\000s\000p\000r\000o\000c\000\137\000c\000p\000u\000b\000i\000n\000d}{subsection.16.12.2}
\BOOKMARK [3][-]{subsubsection.16.12.2.4}{\376\377\000g\000e\000t\000\137\000t\000h\000i\000s\000p\000r\000o\000c\000\137\000l\000a\000s\000t\000\137\000c\000p\000u\000\137\000l\000o\000c\000a\000t\000i\000o\000n}{subsection.16.12.2}
\BOOKMARK [3][-]{subsubsection.16.12.2.5}{\376\377\000g\000e\000t\000\137\000t\000h\000i\000s\000t\000h\000r\000e\000a\000d\000\137\000c\000p\000u\000b\000i\000n\000d}{subsection.16.12.2}
\BOOKMARK [3][-]{subsubsection.16.12.2.6}{\376\377\000g\000e\000t\000\137\000t\000h\000i\000s\000t\000h\000r\000e\000a\000d\000\137\000l\000a\000s\000t\000\137\000c\000p\000u\000\137\000l\000o\000c\000a\000t\000i\000o\000n}{subsection.16.12.2}
\BOOKMARK [3][-]{subsubsection.16.12.2.7}{\376\377\000g\000e\000t\000\137\000t\000h\000r\000e\000a\000d\000\137\000c\000p\000u\000b\000i\000n\000d}{subsection.16.12.2}
\BOOKMARK [3][-]{subsubsection.16.12.2.8}{\376\377\000s\000e\000t\000\137\000p\000r\000o\000c\000\137\000c\000p\000u\000b\000i\000n\000d}{subsection.16.12.2}
\BOOKMARK [3][-]{subsubsection.16.12.2.9}{\376\377\000s\000e\000t\000\137\000t\000h\000i\000s\000p\000r\000o\000c\000\137\000c\000p\000u\000b\000i\000n\000d}{subsection.16.12.2}
\BOOKMARK [3][-]{subsubsection.16.12.2.10}{\376\377\000s\000e\000t\000\137\000t\000h\000i\000s\000t\000h\000r\000e\000a\000d\000\137\000c\000p\000u\000b\000i\000n\000d}{subsection.16.12.2}
\BOOKMARK [3][-]{subsubsection.16.12.2.11}{\376\377\000s\000e\000t\000\137\000t\000h\000r\000e\000a\000d\000\137\000c\000p\000u\000b\000i\000n\000d}{subsection.16.12.2}
\BOOKMARK [1][-]{section.16.13}{\376\377\000h\000w\000l\000o\000c\000\137\000t\000o\000p\000o\000l\000o\000g\000y\000\137\000d\000i\000s\000c\000o\000v\000e\000r\000y\000\137\000s\000u\000p\000p\000o\000r\000t\000\040\000S\000t\000r\000u\000c\000t\000\040\000R\000e\000f\000e\000r\000e\000n\000c\000e}{chapter.16}
\BOOKMARK [2][-]{subsection.16.13.1}{\376\377\000D\000e\000t\000a\000i\000l\000e\000d\000\040\000D\000e\000s\000c\000r\000i\000p\000t\000i\000o\000n}{section.16.13}
\BOOKMARK [2][-]{subsection.16.13.2}{\376\377\000F\000i\000e\000l\000d\000\040\000D\000o\000c\000u\000m\000e\000n\000t\000a\000t\000i\000o\000n}{section.16.13}
\BOOKMARK [3][-]{subsubsection.16.13.2.1}{\376\377\000p\000u}{subsection.16.13.2}
\BOOKMARK [1][-]{section.16.14}{\376\377\000h\000w\000l\000o\000c\000\137\000t\000o\000p\000o\000l\000o\000g\000y\000\137\000m\000e\000m\000b\000i\000n\000d\000\137\000s\000u\000p\000p\000o\000r\000t\000\040\000S\000t\000r\000u\000c\000t\000\040\000R\000e\000f\000e\000r\000e\000n\000c\000e}{chapter.16}
\BOOKMARK [2][-]{subsection.16.14.1}{\376\377\000D\000e\000t\000a\000i\000l\000e\000d\000\040\000D\000e\000s\000c\000r\000i\000p\000t\000i\000o\000n}{section.16.14}
\BOOKMARK [2][-]{subsection.16.14.2}{\376\377\000F\000i\000e\000l\000d\000\040\000D\000o\000c\000u\000m\000e\000n\000t\000a\000t\000i\000o\000n}{section.16.14}
\BOOKMARK [3][-]{subsubsection.16.14.2.1}{\376\377\000a\000l\000l\000o\000c\000\137\000m\000e\000m\000b\000i\000n\000d}{subsection.16.14.2}
\BOOKMARK [3][-]{subsubsection.16.14.2.2}{\376\377\000b\000i\000n\000d\000\137\000m\000e\000m\000b\000i\000n\000d}{subsection.16.14.2}
\BOOKMARK [3][-]{subsubsection.16.14.2.3}{\376\377\000f\000i\000r\000s\000t\000t\000o\000u\000c\000h\000\137\000m\000e\000m\000b\000i\000n\000d}{subsection.16.14.2}
\BOOKMARK [3][-]{subsubsection.16.14.2.4}{\376\377\000g\000e\000t\000\137\000a\000r\000e\000a\000\137\000m\000e\000m\000b\000i\000n\000d}{subsection.16.14.2}
\BOOKMARK [3][-]{subsubsection.16.14.2.5}{\376\377\000g\000e\000t\000\137\000p\000r\000o\000c\000\137\000m\000e\000m\000b\000i\000n\000d}{subsection.16.14.2}
\BOOKMARK [3][-]{subsubsection.16.14.2.6}{\376\377\000g\000e\000t\000\137\000t\000h\000i\000s\000p\000r\000o\000c\000\137\000m\000e\000m\000b\000i\000n\000d}{subsection.16.14.2}
\BOOKMARK [3][-]{subsubsection.16.14.2.7}{\376\377\000g\000e\000t\000\137\000t\000h\000i\000s\000t\000h\000r\000e\000a\000d\000\137\000m\000e\000m\000b\000i\000n\000d}{subsection.16.14.2}
\BOOKMARK [3][-]{subsubsection.16.14.2.8}{\376\377\000i\000n\000t\000e\000r\000l\000e\000a\000v\000e\000\137\000m\000e\000m\000b\000i\000n\000d}{subsection.16.14.2}
\BOOKMARK [3][-]{subsubsection.16.14.2.9}{\376\377\000m\000i\000g\000r\000a\000t\000e\000\137\000m\000e\000m\000b\000i\000n\000d}{subsection.16.14.2}
\BOOKMARK [3][-]{subsubsection.16.14.2.10}{\376\377\000n\000e\000x\000t\000t\000o\000u\000c\000h\000\137\000m\000e\000m\000b\000i\000n\000d}{subsection.16.14.2}
\BOOKMARK [3][-]{subsubsection.16.14.2.11}{\376\377\000r\000e\000p\000l\000i\000c\000a\000t\000e\000\137\000m\000e\000m\000b\000i\000n\000d}{subsection.16.14.2}
\BOOKMARK [3][-]{subsubsection.16.14.2.12}{\376\377\000s\000e\000t\000\137\000a\000r\000e\000a\000\137\000m\000e\000m\000b\000i\000n\000d}{subsection.16.14.2}
\BOOKMARK [3][-]{subsubsection.16.14.2.13}{\376\377\000s\000e\000t\000\137\000p\000r\000o\000c\000\137\000m\000e\000m\000b\000i\000n\000d}{subsection.16.14.2}
\BOOKMARK [3][-]{subsubsection.16.14.2.14}{\376\377\000s\000e\000t\000\137\000t\000h\000i\000s\000p\000r\000o\000c\000\137\000m\000e\000m\000b\000i\000n\000d}{subsection.16.14.2}
\BOOKMARK [3][-]{subsubsection.16.14.2.15}{\376\377\000s\000e\000t\000\137\000t\000h\000i\000s\000t\000h\000r\000e\000a\000d\000\137\000m\000e\000m\000b\000i\000n\000d}{subsection.16.14.2}
\BOOKMARK [1][-]{section.16.15}{\376\377\000h\000w\000l\000o\000c\000\137\000t\000o\000p\000o\000l\000o\000g\000y\000\137\000s\000u\000p\000p\000o\000r\000t\000\040\000S\000t\000r\000u\000c\000t\000\040\000R\000e\000f\000e\000r\000e\000n\000c\000e}{chapter.16}
\BOOKMARK [2][-]{subsection.16.15.1}{\376\377\000D\000e\000t\000a\000i\000l\000e\000d\000\040\000D\000e\000s\000c\000r\000i\000p\000t\000i\000o\000n}{section.16.15}
\BOOKMARK [2][-]{subsection.16.15.2}{\376\377\000F\000i\000e\000l\000d\000\040\000D\000o\000c\000u\000m\000e\000n\000t\000a\000t\000i\000o\000n}{section.16.15}
\BOOKMARK [3][-]{subsubsection.16.15.2.1}{\376\377\000c\000p\000u\000b\000i\000n\000d}{subsection.16.15.2}
\BOOKMARK [3][-]{subsubsection.16.15.2.2}{\376\377\000d\000i\000s\000c\000o\000v\000e\000r\000y}{subsection.16.15.2}
\BOOKMARK [3][-]{subsubsection.16.15.2.3}{\376\377\000m\000e\000m\000b\000i\000n\000d}{subsection.16.15.2}
